
*** Running vivado
    with args -log top.vdi -applog -m64 -product Vivado -messageDb vivado.pb -mode batch -source top.tcl -notrace


****** Vivado v2022.2 (64-bit)
  **** SW Build 3671981 on Fri Oct 14 04:59:54 MDT 2022
  **** IP Build 3669848 on Fri Oct 14 08:30:02 MDT 2022
    ** Copyright 1986-2022 Xilinx, Inc. All Rights Reserved.

source top.tcl -notrace
Command: link_design -top top -part xc7a35ticsg324-1L
Design is defaulting to srcset: sources_1
Design is defaulting to constrset: constrs_1
INFO: [Device 21-403] Loading part xc7a35ticsg324-1L
INFO: [Project 1-454] Reading design checkpoint '/home/tom/git/TomKeddie/tinytapeout-2023-tt05a/src/arty_vivado/arty_vivado.gen/sources_1/ip/clk_wiz_0/clk_wiz_0.dcp' for cell 'pll'
Netlist sorting complete. Time (s): cpu = 00:00:00 ; elapsed = 00:00:00 . Memory (MB): peak = 1593.242 ; gain = 0.000 ; free physical = 3016 ; free virtual = 79358
INFO: [Netlist 29-17] Analyzing 52 Unisim elements for replacement
INFO: [Netlist 29-28] Unisim Transformation completed in 0 CPU seconds
INFO: [Project 1-479] Netlist was created with Vivado 2022.2
INFO: [Project 1-570] Preparing netlist for logic optimization
Parsing XDC File [/home/tom/git/TomKeddie/tinytapeout-2023-tt05a/src/arty_vivado/arty_vivado.gen/sources_1/ip/clk_wiz_0/clk_wiz_0_board.xdc] for cell 'pll/inst'
Finished Parsing XDC File [/home/tom/git/TomKeddie/tinytapeout-2023-tt05a/src/arty_vivado/arty_vivado.gen/sources_1/ip/clk_wiz_0/clk_wiz_0_board.xdc] for cell 'pll/inst'
Parsing XDC File [/home/tom/git/TomKeddie/tinytapeout-2023-tt05a/src/arty_vivado/arty_vivado.gen/sources_1/ip/clk_wiz_0/clk_wiz_0.xdc] for cell 'pll/inst'
INFO: [Timing 38-35] Done setting XDC timing constraints. [/home/tom/git/TomKeddie/tinytapeout-2023-tt05a/src/arty_vivado/arty_vivado.gen/sources_1/ip/clk_wiz_0/clk_wiz_0.xdc:57]
INFO: [Timing 38-2] Deriving generated clocks [/home/tom/git/TomKeddie/tinytapeout-2023-tt05a/src/arty_vivado/arty_vivado.gen/sources_1/ip/clk_wiz_0/clk_wiz_0.xdc:57]
get_clocks: Time (s): cpu = 00:00:05 ; elapsed = 00:00:05 . Memory (MB): peak = 2275.660 ; gain = 540.797 ; free physical = 2579 ; free virtual = 78922
Finished Parsing XDC File [/home/tom/git/TomKeddie/tinytapeout-2023-tt05a/src/arty_vivado/arty_vivado.gen/sources_1/ip/clk_wiz_0/clk_wiz_0.xdc] for cell 'pll/inst'
Parsing XDC File [/home/tom/git/Digilent/digilent-xdc/Arty-Master.xdc]
Finished Parsing XDC File [/home/tom/git/Digilent/digilent-xdc/Arty-Master.xdc]
INFO: [Opt 31-138] Pushed 0 inverter(s) to 0 load pin(s).
Netlist sorting complete. Time (s): cpu = 00:00:00 ; elapsed = 00:00:00 . Memory (MB): peak = 2275.660 ; gain = 0.000 ; free physical = 2578 ; free virtual = 78920
INFO: [Project 1-111] Unisim Transformation Summary:
No Unisim elements were transformed.

10 Infos, 0 Warnings, 0 Critical Warnings and 0 Errors encountered.
link_design completed successfully
link_design: Time (s): cpu = 00:00:09 ; elapsed = 00:00:09 . Memory (MB): peak = 2275.660 ; gain = 952.582 ; free physical = 2578 ; free virtual = 78920
Command: opt_design
Attempting to get a license for feature 'Implementation' and/or device 'xc7a35ti'
INFO: [Common 17-349] Got license for feature 'Implementation' and/or device 'xc7a35ti'
Running DRC as a precondition to command opt_design

Starting DRC Task
INFO: [DRC 23-27] Running DRC with 8 threads
INFO: [Project 1-461] DRC finished with 0 Errors
INFO: [Project 1-462] Please refer to the DRC report (report_drc) for more information.

Time (s): cpu = 00:00:01 ; elapsed = 00:00:00.64 . Memory (MB): peak = 2339.691 ; gain = 64.031 ; free physical = 2584 ; free virtual = 78926

Starting Cache Timing Information Task
INFO: [Timing 38-35] Done setting XDC timing constraints.
INFO: [Timing 38-2] Deriving generated clocks
Ending Cache Timing Information Task | Checksum: 1b2028050

Time (s): cpu = 00:00:00.08 ; elapsed = 00:00:00.03 . Memory (MB): peak = 2339.691 ; gain = 0.000 ; free physical = 2584 ; free virtual = 78926

Starting Logic Optimization Task

Phase 1 Retarget
INFO: [Opt 31-138] Pushed 0 inverter(s) to 0 load pin(s).
INFO: [Opt 31-49] Retargeted 0 cell(s).
Phase 1 Retarget | Checksum: 1b2028050

Time (s): cpu = 00:00:00.1 ; elapsed = 00:00:00.03 . Memory (MB): peak = 2589.535 ; gain = 0.000 ; free physical = 2338 ; free virtual = 78680
INFO: [Opt 31-389] Phase Retarget created 0 cells and removed 0 cells
INFO: [Opt 31-1021] In phase Retarget, 1 netlist objects are constrained preventing optimization. Please run opt_design with -debug_log to get more detail. 

Phase 2 Constant propagation
INFO: [Opt 31-138] Pushed 0 inverter(s) to 0 load pin(s).
Phase 2 Constant propagation | Checksum: 1b2028050

Time (s): cpu = 00:00:00.1 ; elapsed = 00:00:00.03 . Memory (MB): peak = 2589.535 ; gain = 0.000 ; free physical = 2338 ; free virtual = 78680
INFO: [Opt 31-389] Phase Constant propagation created 0 cells and removed 0 cells

Phase 3 Sweep
Phase 3 Sweep | Checksum: 1f29ad2d5

Time (s): cpu = 00:00:00.11 ; elapsed = 00:00:00.04 . Memory (MB): peak = 2589.535 ; gain = 0.000 ; free physical = 2338 ; free virtual = 78680
INFO: [Opt 31-389] Phase Sweep created 7 cells and removed 0 cells

Phase 4 BUFG optimization
Phase 4 BUFG optimization | Checksum: 1f29ad2d5

Time (s): cpu = 00:00:00.12 ; elapsed = 00:00:00.05 . Memory (MB): peak = 2589.535 ; gain = 0.000 ; free physical = 2338 ; free virtual = 78680
INFO: [Opt 31-662] Phase BUFG optimization created 0 cells of which 0 are BUFGs and removed 0 cells.

Phase 5 Shift Register Optimization
INFO: [Opt 31-1064] SRL Remap converted 0 SRLs to 0 registers and converted 0 registers of register chains to 0 SRLs
Phase 5 Shift Register Optimization | Checksum: 1f29ad2d5

Time (s): cpu = 00:00:00.12 ; elapsed = 00:00:00.05 . Memory (MB): peak = 2589.535 ; gain = 0.000 ; free physical = 2338 ; free virtual = 78680
INFO: [Opt 31-389] Phase Shift Register Optimization created 0 cells and removed 0 cells

Phase 6 Post Processing Netlist
Phase 6 Post Processing Netlist | Checksum: 1f0319528

Time (s): cpu = 00:00:00.12 ; elapsed = 00:00:00.05 . Memory (MB): peak = 2589.535 ; gain = 0.000 ; free physical = 2338 ; free virtual = 78680
INFO: [Opt 31-389] Phase Post Processing Netlist created 0 cells and removed 0 cells
Opt_design Change Summary
=========================


-------------------------------------------------------------------------------------------------------------------------
|  Phase                        |  #Cells created  |  #Cells Removed  |  #Constrained objects preventing optimizations  |
-------------------------------------------------------------------------------------------------------------------------
|  Retarget                     |               0  |               0  |                                              1  |
|  Constant propagation         |               0  |               0  |                                              0  |
|  Sweep                        |               7  |               0  |                                              0  |
|  BUFG optimization            |               0  |               0  |                                              0  |
|  Shift Register Optimization  |               0  |               0  |                                              0  |
|  Post Processing Netlist      |               0  |               0  |                                              0  |
-------------------------------------------------------------------------------------------------------------------------



Starting Connectivity Check Task

Time (s): cpu = 00:00:00 ; elapsed = 00:00:00 . Memory (MB): peak = 2589.535 ; gain = 0.000 ; free physical = 2338 ; free virtual = 78680
Ending Logic Optimization Task | Checksum: 177201e51

Time (s): cpu = 00:00:00.14 ; elapsed = 00:00:00.07 . Memory (MB): peak = 2589.535 ; gain = 0.000 ; free physical = 2338 ; free virtual = 78680

Starting Power Optimization Task
INFO: [Pwropt 34-132] Skipping clock gating for clocks with a period < 2.00 ns.
Ending Power Optimization Task | Checksum: 177201e51

Time (s): cpu = 00:00:00.01 ; elapsed = 00:00:00 . Memory (MB): peak = 2589.535 ; gain = 0.000 ; free physical = 2338 ; free virtual = 78680

Starting Final Cleanup Task
Ending Final Cleanup Task | Checksum: 177201e51

Time (s): cpu = 00:00:00 ; elapsed = 00:00:00 . Memory (MB): peak = 2589.535 ; gain = 0.000 ; free physical = 2338 ; free virtual = 78680

Starting Netlist Obfuscation Task
Netlist sorting complete. Time (s): cpu = 00:00:00 ; elapsed = 00:00:00 . Memory (MB): peak = 2589.535 ; gain = 0.000 ; free physical = 2338 ; free virtual = 78680
Ending Netlist Obfuscation Task | Checksum: 177201e51

Time (s): cpu = 00:00:00 ; elapsed = 00:00:00 . Memory (MB): peak = 2589.535 ; gain = 0.000 ; free physical = 2338 ; free virtual = 78680
INFO: [Common 17-83] Releasing license: Implementation
29 Infos, 0 Warnings, 0 Critical Warnings and 0 Errors encountered.
opt_design completed successfully
INFO: [Timing 38-480] Writing timing data to binary archive.
Writing XDEF routing.
Writing XDEF routing logical nets.
Writing XDEF routing special nets.
Write XDEF Complete: Time (s): cpu = 00:00:00.11 ; elapsed = 00:00:00.03 . Memory (MB): peak = 2621.551 ; gain = 24.012 ; free physical = 2334 ; free virtual = 78677
INFO: [Common 17-1381] The checkpoint '/home/tom/git/TomKeddie/tinytapeout-2023-tt05a/src/arty_vivado/arty_vivado.runs/impl_1/top_opt.dcp' has been generated.
INFO: [runtcl-4] Executing : report_drc -file top_drc_opted.rpt -pb top_drc_opted.pb -rpx top_drc_opted.rpx
Command: report_drc -file top_drc_opted.rpt -pb top_drc_opted.pb -rpx top_drc_opted.rpx
INFO: [IP_Flow 19-1839] IP Catalog is up to date.
INFO: [DRC 23-27] Running DRC with 8 threads
INFO: [Vivado_Tcl 2-168] The results of DRC are in file /home/tom/git/TomKeddie/tinytapeout-2023-tt05a/src/arty_vivado/arty_vivado.runs/impl_1/top_drc_opted.rpt.
report_drc completed successfully
Command: place_design
Attempting to get a license for feature 'Implementation' and/or device 'xc7a35ti'
INFO: [Common 17-349] Got license for feature 'Implementation' and/or device 'xc7a35ti'
INFO: [DRC 23-27] Running DRC with 8 threads
INFO: [Vivado_Tcl 4-198] DRC finished with 0 Errors
INFO: [Vivado_Tcl 4-199] Please refer to the DRC report (report_drc) for more information.
Running DRC as a precondition to command place_design
INFO: [DRC 23-27] Running DRC with 8 threads
INFO: [Vivado_Tcl 4-198] DRC finished with 0 Errors
INFO: [Vivado_Tcl 4-199] Please refer to the DRC report (report_drc) for more information.

Starting Placer Task
INFO: [Place 30-611] Multithreading enabled for place_design using a maximum of 8 CPUs

Phase 1 Placer Initialization

Phase 1.1 Placer Initialization Netlist Sorting
Netlist sorting complete. Time (s): cpu = 00:00:00 ; elapsed = 00:00:00 . Memory (MB): peak = 2693.586 ; gain = 0.000 ; free physical = 2315 ; free virtual = 78658
Phase 1.1 Placer Initialization Netlist Sorting | Checksum: 13e6c3f27

Time (s): cpu = 00:00:00 ; elapsed = 00:00:00.05 . Memory (MB): peak = 2693.586 ; gain = 0.000 ; free physical = 2315 ; free virtual = 78658
Netlist sorting complete. Time (s): cpu = 00:00:00 ; elapsed = 00:00:00 . Memory (MB): peak = 2693.586 ; gain = 0.000 ; free physical = 2315 ; free virtual = 78658

Phase 1.2 IO Placement/ Clock Placement/ Build Placer Device
INFO: [Timing 38-35] Done setting XDC timing constraints.
Phase 1.2 IO Placement/ Clock Placement/ Build Placer Device | Checksum: 103ad3e71

Time (s): cpu = 00:00:00.32 ; elapsed = 00:00:00.15 . Memory (MB): peak = 2693.586 ; gain = 0.000 ; free physical = 2298 ; free virtual = 78641

Phase 1.3 Build Placer Netlist Model
Phase 1.3 Build Placer Netlist Model | Checksum: 1d986e6a4

Time (s): cpu = 00:00:00.72 ; elapsed = 00:00:00.32 . Memory (MB): peak = 2693.586 ; gain = 0.000 ; free physical = 2310 ; free virtual = 78652

Phase 1.4 Constrain Clocks/Macros
Phase 1.4 Constrain Clocks/Macros | Checksum: 1d986e6a4

Time (s): cpu = 00:00:00.73 ; elapsed = 00:00:00.33 . Memory (MB): peak = 2693.586 ; gain = 0.000 ; free physical = 2309 ; free virtual = 78652
Phase 1 Placer Initialization | Checksum: 1d986e6a4

Time (s): cpu = 00:00:00.73 ; elapsed = 00:00:00.33 . Memory (MB): peak = 2693.586 ; gain = 0.000 ; free physical = 2309 ; free virtual = 78652

Phase 2 Global Placement

Phase 2.1 Floorplanning
Phase 2.1 Floorplanning | Checksum: 17978177f

Time (s): cpu = 00:00:01 ; elapsed = 00:00:00.4 . Memory (MB): peak = 2693.586 ; gain = 0.000 ; free physical = 2300 ; free virtual = 78643

Phase 2.2 Update Timing before SLR Path Opt
Phase 2.2 Update Timing before SLR Path Opt | Checksum: 1c57a9ddc

Time (s): cpu = 00:00:01 ; elapsed = 00:00:00.42 . Memory (MB): peak = 2693.586 ; gain = 0.000 ; free physical = 2301 ; free virtual = 78644

Phase 2.3 Post-Processing in Floorplanning
Phase 2.3 Post-Processing in Floorplanning | Checksum: 1c57a9ddc

Time (s): cpu = 00:00:01 ; elapsed = 00:00:00.42 . Memory (MB): peak = 2693.586 ; gain = 0.000 ; free physical = 2301 ; free virtual = 78644

Phase 2.4 Global Placement Core

Phase 2.4.1 UpdateTiming Before Physical Synthesis
Phase 2.4.1 UpdateTiming Before Physical Synthesis | Checksum: 14a627939

Time (s): cpu = 00:00:04 ; elapsed = 00:00:00.98 . Memory (MB): peak = 2693.586 ; gain = 0.000 ; free physical = 2283 ; free virtual = 78625

Phase 2.4.2 Physical Synthesis In Placer
INFO: [Physopt 32-1035] Found 0 LUTNM shape to break, 6 LUT instances to create LUTNM shape
INFO: [Physopt 32-1044] Break lutnm for timing: one critical 0, two critical 0, total 0, new lutff created 0
INFO: [Physopt 32-1138] End 1 Pass. Optimized 3 nets or LUTs. Breaked 0 LUT, combined 3 existing LUTs and moved 0 existing LUT
INFO: [Physopt 32-65] No nets found for high-fanout optimization.
INFO: [Physopt 32-232] Optimized 0 net. Created 0 new instance.
INFO: [Physopt 32-775] End 1 Pass. Optimized 0 net or cell. Created 0 new cell, deleted 0 existing cell and moved 0 existing cell
INFO: [Physopt 32-670] No setup violation found.  DSP Register Optimization was not performed.
INFO: [Physopt 32-670] No setup violation found.  Shift Register to Pipeline Optimization was not performed.
INFO: [Physopt 32-670] No setup violation found.  Shift Register Optimization was not performed.
INFO: [Physopt 32-670] No setup violation found.  BRAM Register Optimization was not performed.
INFO: [Physopt 32-670] No setup violation found.  URAM Register Optimization was not performed.
INFO: [Physopt 32-949] No candidate nets found for dynamic/static region interface net replication
INFO: [Physopt 32-775] End 1 Pass. Optimized 0 net or cell. Created 0 new cell, deleted 0 existing cell and moved 0 existing cell
Netlist sorting complete. Time (s): cpu = 00:00:00 ; elapsed = 00:00:00 . Memory (MB): peak = 2693.586 ; gain = 0.000 ; free physical = 2283 ; free virtual = 78626

Summary of Physical Synthesis Optimizations
============================================


-----------------------------------------------------------------------------------------------------------------------------------------------------------
|  Optimization                                     |  Added Cells  |  Removed Cells  |  Optimized Cells/Nets  |  Dont Touch  |  Iterations  |  Elapsed   |
-----------------------------------------------------------------------------------------------------------------------------------------------------------
|  LUT Combining                                    |            0  |              3  |                     3  |           0  |           1  |  00:00:00  |
|  Retime                                           |            0  |              0  |                     0  |           0  |           1  |  00:00:00  |
|  Very High Fanout                                 |            0  |              0  |                     0  |           0  |           1  |  00:00:00  |
|  DSP Register                                     |            0  |              0  |                     0  |           0  |           0  |  00:00:00  |
|  Shift Register to Pipeline                       |            0  |              0  |                     0  |           0  |           0  |  00:00:00  |
|  Shift Register                                   |            0  |              0  |                     0  |           0  |           0  |  00:00:00  |
|  BRAM Register                                    |            0  |              0  |                     0  |           0  |           0  |  00:00:00  |
|  URAM Register                                    |            0  |              0  |                     0  |           0  |           0  |  00:00:00  |
|  Dynamic/Static Region Interface Net Replication  |            0  |              0  |                     0  |           0  |           1  |  00:00:00  |
|  Total                                            |            0  |              3  |                     3  |           0  |           4  |  00:00:00  |
-----------------------------------------------------------------------------------------------------------------------------------------------------------


Phase 2.4.2 Physical Synthesis In Placer | Checksum: 1fa1ccde6

Time (s): cpu = 00:00:04 ; elapsed = 00:00:01 . Memory (MB): peak = 2693.586 ; gain = 0.000 ; free physical = 2285 ; free virtual = 78627
Phase 2.4 Global Placement Core | Checksum: 198e4e186

Time (s): cpu = 00:00:05 ; elapsed = 00:00:01 . Memory (MB): peak = 2693.586 ; gain = 0.000 ; free physical = 2284 ; free virtual = 78627
Phase 2 Global Placement | Checksum: 198e4e186

Time (s): cpu = 00:00:05 ; elapsed = 00:00:01 . Memory (MB): peak = 2693.586 ; gain = 0.000 ; free physical = 2284 ; free virtual = 78627

Phase 3 Detail Placement

Phase 3.1 Commit Multi Column Macros
Phase 3.1 Commit Multi Column Macros | Checksum: 10a4b0dba

Time (s): cpu = 00:00:05 ; elapsed = 00:00:01 . Memory (MB): peak = 2693.586 ; gain = 0.000 ; free physical = 2284 ; free virtual = 78627

Phase 3.2 Commit Most Macros & LUTRAMs
Phase 3.2 Commit Most Macros & LUTRAMs | Checksum: 1b4bf9fb9

Time (s): cpu = 00:00:05 ; elapsed = 00:00:01 . Memory (MB): peak = 2693.586 ; gain = 0.000 ; free physical = 2284 ; free virtual = 78626

Phase 3.3 Area Swap Optimization
Phase 3.3 Area Swap Optimization | Checksum: 13bf77781

Time (s): cpu = 00:00:05 ; elapsed = 00:00:01 . Memory (MB): peak = 2693.586 ; gain = 0.000 ; free physical = 2284 ; free virtual = 78626

Phase 3.4 Pipeline Register Optimization
Phase 3.4 Pipeline Register Optimization | Checksum: 21e1a7e33

Time (s): cpu = 00:00:05 ; elapsed = 00:00:01 . Memory (MB): peak = 2693.586 ; gain = 0.000 ; free physical = 2284 ; free virtual = 78626

Phase 3.5 Small Shape Detail Placement
Phase 3.5 Small Shape Detail Placement | Checksum: aec51f57

Time (s): cpu = 00:00:05 ; elapsed = 00:00:01 . Memory (MB): peak = 2693.586 ; gain = 0.000 ; free physical = 2280 ; free virtual = 78623

Phase 3.6 Re-assign LUT pins
Phase 3.6 Re-assign LUT pins | Checksum: 116c6dcc3

Time (s): cpu = 00:00:05 ; elapsed = 00:00:02 . Memory (MB): peak = 2693.586 ; gain = 0.000 ; free physical = 2282 ; free virtual = 78625

Phase 3.7 Pipeline Register Optimization
Phase 3.7 Pipeline Register Optimization | Checksum: 1b8a7e589

Time (s): cpu = 00:00:05 ; elapsed = 00:00:02 . Memory (MB): peak = 2693.586 ; gain = 0.000 ; free physical = 2282 ; free virtual = 78625
Phase 3 Detail Placement | Checksum: 1b8a7e589

Time (s): cpu = 00:00:05 ; elapsed = 00:00:02 . Memory (MB): peak = 2693.586 ; gain = 0.000 ; free physical = 2282 ; free virtual = 78625

Phase 4 Post Placement Optimization and Clean-Up

Phase 4.1 Post Commit Optimization
INFO: [Timing 38-35] Done setting XDC timing constraints.

Phase 4.1.1 Post Placement Optimization
Post Placement Optimization Initialization | Checksum: 1fcab1535

Phase 4.1.1.1 BUFG Insertion

Starting Physical Synthesis Task

Phase 1 Physical Synthesis Initialization
INFO: [Physopt 32-721] Multithreading enabled for phys_opt_design using a maximum of 8 CPUs
INFO: [Physopt 32-619] Estimated Timing Summary | WNS=32.785 | TNS=0.000 |
Phase 1 Physical Synthesis Initialization | Checksum: 1c64812f8

Time (s): cpu = 00:00:00.11 ; elapsed = 00:00:00.02 . Memory (MB): peak = 2693.586 ; gain = 0.000 ; free physical = 2282 ; free virtual = 78625
INFO: [Place 46-56] BUFG insertion identified 0 candidate nets. Inserted BUFG: 0, Replicated BUFG Driver: 0, Skipped due to Placement/Routing Conflicts: 0, Skipped due to Timing Degradation: 0, Skipped due to Illegal Netlist: 0.
Ending Physical Synthesis Task | Checksum: 13ca20792

Time (s): cpu = 00:00:00.12 ; elapsed = 00:00:00.03 . Memory (MB): peak = 2693.586 ; gain = 0.000 ; free physical = 2282 ; free virtual = 78625
Phase 4.1.1.1 BUFG Insertion | Checksum: 1fcab1535

Time (s): cpu = 00:00:06 ; elapsed = 00:00:02 . Memory (MB): peak = 2693.586 ; gain = 0.000 ; free physical = 2282 ; free virtual = 78625

Phase 4.1.1.2 Post Placement Timing Optimization
INFO: [Place 30-746] Post Placement Timing Summary WNS=32.785. For the most accurate timing information please run report_timing.
Phase 4.1.1.2 Post Placement Timing Optimization | Checksum: 1718a11a0

Time (s): cpu = 00:00:06 ; elapsed = 00:00:02 . Memory (MB): peak = 2693.586 ; gain = 0.000 ; free physical = 2282 ; free virtual = 78625

Time (s): cpu = 00:00:06 ; elapsed = 00:00:02 . Memory (MB): peak = 2693.586 ; gain = 0.000 ; free physical = 2282 ; free virtual = 78625
Phase 4.1 Post Commit Optimization | Checksum: 1718a11a0

Time (s): cpu = 00:00:06 ; elapsed = 00:00:02 . Memory (MB): peak = 2693.586 ; gain = 0.000 ; free physical = 2282 ; free virtual = 78625

Phase 4.2 Post Placement Cleanup
Phase 4.2 Post Placement Cleanup | Checksum: 1718a11a0

Time (s): cpu = 00:00:06 ; elapsed = 00:00:02 . Memory (MB): peak = 2693.586 ; gain = 0.000 ; free physical = 2282 ; free virtual = 78625

Phase 4.3 Placer Reporting

Phase 4.3.1 Print Estimated Congestion
INFO: [Place 30-612] Post-Placement Estimated Congestion 
 ____________________________________________________
|           | Global Congestion | Short Congestion  |
| Direction | Region Size       | Region Size       |
|___________|___________________|___________________|
|      North|                1x1|                1x1|
|___________|___________________|___________________|
|      South|                1x1|                1x1|
|___________|___________________|___________________|
|       East|                1x1|                1x1|
|___________|___________________|___________________|
|       West|                1x1|                1x1|
|___________|___________________|___________________|

Phase 4.3.1 Print Estimated Congestion | Checksum: 1718a11a0

Time (s): cpu = 00:00:06 ; elapsed = 00:00:02 . Memory (MB): peak = 2693.586 ; gain = 0.000 ; free physical = 2282 ; free virtual = 78625
Phase 4.3 Placer Reporting | Checksum: 1718a11a0

Time (s): cpu = 00:00:06 ; elapsed = 00:00:02 . Memory (MB): peak = 2693.586 ; gain = 0.000 ; free physical = 2282 ; free virtual = 78625

Phase 4.4 Final Placement Cleanup
Netlist sorting complete. Time (s): cpu = 00:00:00 ; elapsed = 00:00:00 . Memory (MB): peak = 2693.586 ; gain = 0.000 ; free physical = 2282 ; free virtual = 78625

Time (s): cpu = 00:00:06 ; elapsed = 00:00:02 . Memory (MB): peak = 2693.586 ; gain = 0.000 ; free physical = 2282 ; free virtual = 78625
Phase 4 Post Placement Optimization and Clean-Up | Checksum: 17dff32e9

Time (s): cpu = 00:00:06 ; elapsed = 00:00:02 . Memory (MB): peak = 2693.586 ; gain = 0.000 ; free physical = 2282 ; free virtual = 78625
Ending Placer Task | Checksum: 1106349b1

Time (s): cpu = 00:00:06 ; elapsed = 00:00:02 . Memory (MB): peak = 2693.586 ; gain = 0.000 ; free physical = 2282 ; free virtual = 78625
INFO: [Common 17-83] Releasing license: Implementation
64 Infos, 0 Warnings, 0 Critical Warnings and 0 Errors encountered.
place_design completed successfully
INFO: [Timing 38-480] Writing timing data to binary archive.
Writing XDEF routing.
Writing XDEF routing logical nets.
Writing XDEF routing special nets.
Write XDEF Complete: Time (s): cpu = 00:00:00.16 ; elapsed = 00:00:00.05 . Memory (MB): peak = 2693.586 ; gain = 0.000 ; free physical = 2296 ; free virtual = 78639
INFO: [Common 17-1381] The checkpoint '/home/tom/git/TomKeddie/tinytapeout-2023-tt05a/src/arty_vivado/arty_vivado.runs/impl_1/top_placed.dcp' has been generated.
INFO: [runtcl-4] Executing : report_io -file top_io_placed.rpt
report_io: Time (s): cpu = 00:00:00.12 ; elapsed = 00:00:00.18 . Memory (MB): peak = 2693.586 ; gain = 0.000 ; free physical = 2291 ; free virtual = 78634
INFO: [runtcl-4] Executing : report_utilization -file top_utilization_placed.rpt -pb top_utilization_placed.pb
INFO: [runtcl-4] Executing : report_control_sets -verbose -file top_control_sets_placed.rpt
report_control_sets: Time (s): cpu = 00:00:00.06 ; elapsed = 00:00:00.11 . Memory (MB): peak = 2693.586 ; gain = 0.000 ; free physical = 2300 ; free virtual = 78643
Command: phys_opt_design
Attempting to get a license for feature 'Implementation' and/or device 'xc7a35ti'
INFO: [Common 17-349] Got license for feature 'Implementation' and/or device 'xc7a35ti'

Starting Initial Update Timing Task

Time (s): cpu = 00:00:00.29 ; elapsed = 00:00:00.14 . Memory (MB): peak = 2693.586 ; gain = 0.000 ; free physical = 2270 ; free virtual = 78613
INFO: [Vivado_Tcl 4-383] Design worst setup slack (WNS) is greater than or equal to 0.000 ns. Skipping all physical synthesis optimizations.
INFO: [Vivado_Tcl 4-232] No setup violation found. The netlist was not modified.
INFO: [Common 17-83] Releasing license: Implementation
73 Infos, 0 Warnings, 0 Critical Warnings and 0 Errors encountered.
phys_opt_design completed successfully
INFO: [Timing 38-480] Writing timing data to binary archive.
Writing XDEF routing.
Writing XDEF routing logical nets.
Writing XDEF routing special nets.
Write XDEF Complete: Time (s): cpu = 00:00:00.21 ; elapsed = 00:00:00.07 . Memory (MB): peak = 2693.586 ; gain = 0.000 ; free physical = 2264 ; free virtual = 78608
INFO: [Common 17-1381] The checkpoint '/home/tom/git/TomKeddie/tinytapeout-2023-tt05a/src/arty_vivado/arty_vivado.runs/impl_1/top_physopt.dcp' has been generated.
Command: route_design
Attempting to get a license for feature 'Implementation' and/or device 'xc7a35ti'
INFO: [Common 17-349] Got license for feature 'Implementation' and/or device 'xc7a35ti'
Running DRC as a precondition to command route_design
INFO: [DRC 23-27] Running DRC with 8 threads
INFO: [Vivado_Tcl 4-198] DRC finished with 0 Errors
INFO: [Vivado_Tcl 4-199] Please refer to the DRC report (report_drc) for more information.


Starting Routing Task
INFO: [Route 35-254] Multithreading enabled for route_design using a maximum of 8 CPUs

Phase 1 Build RT Design
Checksum: PlaceDB: 6f16e167 ConstDB: 0 ShapeSum: a14c684a RouteDB: 0
Post Restoration Checksum: NetGraph: 2e5778a7 NumContArr: 102a8a2a Constraints: 0 Timing: 0
Phase 1 Build RT Design | Checksum: 3e8202d1

Time (s): cpu = 00:00:14 ; elapsed = 00:00:12 . Memory (MB): peak = 2705.168 ; gain = 11.582 ; free physical = 2153 ; free virtual = 78496

Phase 2 Router Initialization

Phase 2.1 Fix Topology Constraints
Phase 2.1 Fix Topology Constraints | Checksum: 3e8202d1

Time (s): cpu = 00:00:14 ; elapsed = 00:00:12 . Memory (MB): peak = 2736.168 ; gain = 42.582 ; free physical = 2119 ; free virtual = 78463

Phase 2.2 Pre Route Cleanup
Phase 2.2 Pre Route Cleanup | Checksum: 3e8202d1

Time (s): cpu = 00:00:14 ; elapsed = 00:00:12 . Memory (MB): peak = 2736.168 ; gain = 42.582 ; free physical = 2119 ; free virtual = 78463
 Number of Nodes with overlaps = 0

Phase 2.3 Update Timing
Phase 2.3 Update Timing | Checksum: 1d278e808

Time (s): cpu = 00:00:15 ; elapsed = 00:00:13 . Memory (MB): peak = 2757.168 ; gain = 63.582 ; free physical = 2134 ; free virtual = 78478
INFO: [Route 35-416] Intermediate Timing Summary | WNS=32.890 | TNS=0.000  | WHS=-0.263 | THS=-23.560|


Router Utilization Summary
  Global Vertical Routing Utilization    = 0 %
  Global Horizontal Routing Utilization  = 0 %
  Routable Net Status*
  *Does not include unroutable nets such as driverless and loadless.
  Run report_route_status for detailed report.
  Number of Failed Nets               = 438
    (Failed Nets is the sum of unrouted and partially routed nets)
  Number of Unrouted Nets             = 438
  Number of Partially Routed Nets     = 0
  Number of Node Overlaps             = 0

Phase 2 Router Initialization | Checksum: 24e05bc5a

Time (s): cpu = 00:00:15 ; elapsed = 00:00:13 . Memory (MB): peak = 2759.168 ; gain = 65.582 ; free physical = 2146 ; free virtual = 78490

Phase 3 Initial Routing

Phase 3.1 Global Routing
Phase 3.1 Global Routing | Checksum: 24e05bc5a

Time (s): cpu = 00:00:15 ; elapsed = 00:00:13 . Memory (MB): peak = 2759.168 ; gain = 65.582 ; free physical = 2146 ; free virtual = 78490
Phase 3 Initial Routing | Checksum: 27a56a2ef

Time (s): cpu = 00:00:16 ; elapsed = 00:00:13 . Memory (MB): peak = 2759.168 ; gain = 65.582 ; free physical = 2144 ; free virtual = 78487

Phase 4 Rip-up And Reroute

Phase 4.1 Global Iteration 0
 Number of Nodes with overlaps = 45
 Number of Nodes with overlaps = 0
INFO: [Route 35-416] Intermediate Timing Summary | WNS=32.147 | TNS=0.000  | WHS=N/A    | THS=N/A    |

Phase 4.1 Global Iteration 0 | Checksum: 1cb1de0e1

Time (s): cpu = 00:00:16 ; elapsed = 00:00:13 . Memory (MB): peak = 2759.168 ; gain = 65.582 ; free physical = 2147 ; free virtual = 78490

Phase 4.2 Global Iteration 1
 Number of Nodes with overlaps = 0
INFO: [Route 35-416] Intermediate Timing Summary | WNS=32.147 | TNS=0.000  | WHS=N/A    | THS=N/A    |

Phase 4.2 Global Iteration 1 | Checksum: 9677c78a

Time (s): cpu = 00:00:16 ; elapsed = 00:00:13 . Memory (MB): peak = 2759.168 ; gain = 65.582 ; free physical = 2147 ; free virtual = 78490
Phase 4 Rip-up And Reroute | Checksum: 9677c78a

Time (s): cpu = 00:00:16 ; elapsed = 00:00:13 . Memory (MB): peak = 2759.168 ; gain = 65.582 ; free physical = 2147 ; free virtual = 78490

Phase 5 Delay and Skew Optimization

Phase 5.1 Delay CleanUp
Phase 5.1 Delay CleanUp | Checksum: 9677c78a

Time (s): cpu = 00:00:16 ; elapsed = 00:00:13 . Memory (MB): peak = 2759.168 ; gain = 65.582 ; free physical = 2147 ; free virtual = 78490

Phase 5.2 Clock Skew Optimization
Phase 5.2 Clock Skew Optimization | Checksum: 9677c78a

Time (s): cpu = 00:00:16 ; elapsed = 00:00:13 . Memory (MB): peak = 2759.168 ; gain = 65.582 ; free physical = 2147 ; free virtual = 78490
Phase 5 Delay and Skew Optimization | Checksum: 9677c78a

Time (s): cpu = 00:00:16 ; elapsed = 00:00:13 . Memory (MB): peak = 2759.168 ; gain = 65.582 ; free physical = 2147 ; free virtual = 78490

Phase 6 Post Hold Fix

Phase 6.1 Hold Fix Iter

Phase 6.1.1 Update Timing
Phase 6.1.1 Update Timing | Checksum: 9fe96895

Time (s): cpu = 00:00:16 ; elapsed = 00:00:13 . Memory (MB): peak = 2759.168 ; gain = 65.582 ; free physical = 2147 ; free virtual = 78490
INFO: [Route 35-416] Intermediate Timing Summary | WNS=32.239 | TNS=0.000  | WHS=0.020  | THS=0.000  |

Phase 6.1 Hold Fix Iter | Checksum: 697937d9

Time (s): cpu = 00:00:16 ; elapsed = 00:00:13 . Memory (MB): peak = 2759.168 ; gain = 65.582 ; free physical = 2147 ; free virtual = 78490
Phase 6 Post Hold Fix | Checksum: 697937d9

Time (s): cpu = 00:00:16 ; elapsed = 00:00:13 . Memory (MB): peak = 2759.168 ; gain = 65.582 ; free physical = 2147 ; free virtual = 78490

Phase 7 Route finalize

Router Utilization Summary
  Global Vertical Routing Utilization    = 0.146456 %
  Global Horizontal Routing Utilization  = 0.137168 %
  Routable Net Status*
  *Does not include unroutable nets such as driverless and loadless.
  Run report_route_status for detailed report.
  Number of Failed Nets               = 0
    (Failed Nets is the sum of unrouted and partially routed nets)
  Number of Unrouted Nets             = 0
  Number of Partially Routed Nets     = 0
  Number of Node Overlaps             = 0

Phase 7 Route finalize | Checksum: dc07561c

Time (s): cpu = 00:00:16 ; elapsed = 00:00:13 . Memory (MB): peak = 2759.168 ; gain = 65.582 ; free physical = 2147 ; free virtual = 78490

Phase 8 Verifying routed nets

 Verification completed successfully
Phase 8 Verifying routed nets | Checksum: dc07561c

Time (s): cpu = 00:00:16 ; elapsed = 00:00:13 . Memory (MB): peak = 2761.168 ; gain = 67.582 ; free physical = 2146 ; free virtual = 78490

Phase 9 Depositing Routes
Phase 9 Depositing Routes | Checksum: 189f8bf70

Time (s): cpu = 00:00:16 ; elapsed = 00:00:13 . Memory (MB): peak = 2777.176 ; gain = 83.590 ; free physical = 2146 ; free virtual = 78489

Phase 10 Post Router Timing
INFO: [Route 35-57] Estimated Timing Summary | WNS=32.239 | TNS=0.000  | WHS=0.020  | THS=0.000  |

INFO: [Route 35-327] The final timing numbers are based on the router estimated timing analysis. For a complete and accurate timing signoff, please run report_timing_summary.
Phase 10 Post Router Timing | Checksum: 189f8bf70

Time (s): cpu = 00:00:16 ; elapsed = 00:00:13 . Memory (MB): peak = 2777.176 ; gain = 83.590 ; free physical = 2146 ; free virtual = 78489
INFO: [Route 35-16] Router Completed Successfully

Time (s): cpu = 00:00:16 ; elapsed = 00:00:13 . Memory (MB): peak = 2777.176 ; gain = 83.590 ; free physical = 2180 ; free virtual = 78524

Routing Is Done.
INFO: [Common 17-83] Releasing license: Implementation
88 Infos, 0 Warnings, 0 Critical Warnings and 0 Errors encountered.
route_design completed successfully
route_design: Time (s): cpu = 00:00:17 ; elapsed = 00:00:14 . Memory (MB): peak = 2777.176 ; gain = 83.590 ; free physical = 2180 ; free virtual = 78524
INFO: [Timing 38-480] Writing timing data to binary archive.
Writing XDEF routing.
Writing XDEF routing logical nets.
Writing XDEF routing special nets.
Write XDEF Complete: Time (s): cpu = 00:00:00.16 ; elapsed = 00:00:00.06 . Memory (MB): peak = 2777.176 ; gain = 0.000 ; free physical = 2178 ; free virtual = 78522
INFO: [Common 17-1381] The checkpoint '/home/tom/git/TomKeddie/tinytapeout-2023-tt05a/src/arty_vivado/arty_vivado.runs/impl_1/top_routed.dcp' has been generated.
INFO: [runtcl-4] Executing : report_drc -file top_drc_routed.rpt -pb top_drc_routed.pb -rpx top_drc_routed.rpx
Command: report_drc -file top_drc_routed.rpt -pb top_drc_routed.pb -rpx top_drc_routed.rpx
INFO: [IP_Flow 19-1839] IP Catalog is up to date.
INFO: [DRC 23-27] Running DRC with 8 threads
INFO: [Vivado_Tcl 2-168] The results of DRC are in file /home/tom/git/TomKeddie/tinytapeout-2023-tt05a/src/arty_vivado/arty_vivado.runs/impl_1/top_drc_routed.rpt.
report_drc completed successfully
INFO: [runtcl-4] Executing : report_methodology -file top_methodology_drc_routed.rpt -pb top_methodology_drc_routed.pb -rpx top_methodology_drc_routed.rpx
Command: report_methodology -file top_methodology_drc_routed.rpt -pb top_methodology_drc_routed.pb -rpx top_methodology_drc_routed.rpx
INFO: [Timing 38-35] Done setting XDC timing constraints.
INFO: [DRC 23-133] Running Methodology with 8 threads
INFO: [Vivado_Tcl 2-1520] The results of Report Methodology are in file /home/tom/git/TomKeddie/tinytapeout-2023-tt05a/src/arty_vivado/arty_vivado.runs/impl_1/top_methodology_drc_routed.rpt.
report_methodology completed successfully
INFO: [runtcl-4] Executing : report_power -file top_power_routed.rpt -pb top_power_summary_routed.pb -rpx top_power_routed.rpx
Command: report_power -file top_power_routed.rpt -pb top_power_summary_routed.pb -rpx top_power_routed.rpx
INFO: [Timing 38-35] Done setting XDC timing constraints.
Running Vector-less Activity Propagation...

Finished Running Vector-less Activity Propagation
100 Infos, 0 Warnings, 0 Critical Warnings and 0 Errors encountered.
report_power completed successfully
INFO: [runtcl-4] Executing : report_route_status -file top_route_status.rpt -pb top_route_status.pb
INFO: [runtcl-4] Executing : report_timing_summary -max_paths 10 -report_unconstrained -file top_timing_summary_routed.rpt -pb top_timing_summary_routed.pb -rpx top_timing_summary_routed.rpx -warn_on_violation 
INFO: [Timing 38-91] UpdateTimingParams: Speed grade: -1L, Delay Type: min_max.
INFO: [Timing 38-191] Multithreading enabled for timing update using a maximum of 8 CPUs
INFO: [runtcl-4] Executing : report_incremental_reuse -file top_incremental_reuse_routed.rpt
INFO: [Vivado_Tcl 4-1062] Incremental flow is disabled. No incremental reuse Info to report.
INFO: [runtcl-4] Executing : report_clock_utilization -file top_clock_utilization_routed.rpt
INFO: [runtcl-4] Executing : report_bus_skew -warn_on_violation -file top_bus_skew_routed.rpt -pb top_bus_skew_routed.pb -rpx top_bus_skew_routed.rpx
INFO: [Timing 38-91] UpdateTimingParams: Speed grade: -1L, Delay Type: min_max.
INFO: [Timing 38-191] Multithreading enabled for timing update using a maximum of 8 CPUs
INFO: [Common 17-206] Exiting Vivado at Tue Nov 21 16:59:03 2023...
