
 /----------------------------------------------------------------------------\
 |                                                                            |
 |  yosys -- Yosys Open SYnthesis Suite                                       |
 |                                                                            |
 |  Copyright (C) 2012 - 2020  Claire Xenia Wolf <claire@yosyshq.com>         |
 |                                                                            |
 |  Permission to use, copy, modify, and/or distribute this software for any  |
 |  purpose with or without fee is hereby granted, provided that the above    |
 |  copyright notice and this permission notice appear in all copies.         |
 |                                                                            |
 |  THE SOFTWARE IS PROVIDED "AS IS" AND THE AUTHOR DISCLAIMS ALL WARRANTIES  |
 |  WITH REGARD TO THIS SOFTWARE INCLUDING ALL IMPLIED WARRANTIES OF          |
 |  MERCHANTABILITY AND FITNESS. IN NO EVENT SHALL THE AUTHOR BE LIABLE FOR   |
 |  ANY SPECIAL, DIRECT, INDIRECT, OR CONSEQUENTIAL DAMAGES OR ANY DAMAGES    |
 |  WHATSOEVER RESULTING FROM LOSS OF USE, DATA OR PROFITS, WHETHER IN AN     |
 |  ACTION OF CONTRACT, NEGLIGENCE OR OTHER TORTIOUS ACTION, ARISING OUT OF   |
 |  OR IN CONNECTION WITH THE USE OR PERFORMANCE OF THIS SOFTWARE.            |
 |                                                                            |
 \----------------------------------------------------------------------------/

 Yosys 0.34+43 (git sha1 d21c464ae, clang 10.0.0-4ubuntu1 -fPIC -Os)


-- Parsing `top_icebreaker.v' using frontend ` -vlog2k' --

1. Executing Verilog-2005 frontend: top_icebreaker.v
Parsing Verilog input from `top_icebreaker.v' to AST representation.
Storing AST representation for module `$abstract\top'.
Successfully finished Verilog frontend.

-- Parsing `vga.v' using frontend ` -vlog2k' --

2. Executing Verilog-2005 frontend: vga.v
Parsing Verilog input from `vga.v' to AST representation.
Storing AST representation for module `$abstract\vga'.
Successfully finished Verilog frontend.

-- Running command `synth_ice40 -top top -json top_icebreaker.json' --

3. Executing SYNTH_ICE40 pass.

3.1. Executing Verilog-2005 frontend: /home/tom/oss-cad-suite/lib/../share/yosys/ice40/cells_sim.v
Parsing Verilog input from `/home/tom/oss-cad-suite/lib/../share/yosys/ice40/cells_sim.v' to AST representation.
Generating RTLIL representation for module `\SB_IO'.
Generating RTLIL representation for module `\SB_GB_IO'.
Generating RTLIL representation for module `\SB_GB'.
Generating RTLIL representation for module `\SB_LUT4'.
Generating RTLIL representation for module `\SB_CARRY'.
Generating RTLIL representation for module `\SB_DFF'.
Generating RTLIL representation for module `\SB_DFFE'.
Generating RTLIL representation for module `\SB_DFFSR'.
Generating RTLIL representation for module `\SB_DFFR'.
Generating RTLIL representation for module `\SB_DFFSS'.
Generating RTLIL representation for module `\SB_DFFS'.
Generating RTLIL representation for module `\SB_DFFESR'.
Generating RTLIL representation for module `\SB_DFFER'.
Generating RTLIL representation for module `\SB_DFFESS'.
Generating RTLIL representation for module `\SB_DFFES'.
Generating RTLIL representation for module `\SB_DFFN'.
Generating RTLIL representation for module `\SB_DFFNE'.
Generating RTLIL representation for module `\SB_DFFNSR'.
Generating RTLIL representation for module `\SB_DFFNR'.
Generating RTLIL representation for module `\SB_DFFNSS'.
Generating RTLIL representation for module `\SB_DFFNS'.
Generating RTLIL representation for module `\SB_DFFNESR'.
Generating RTLIL representation for module `\SB_DFFNER'.
Generating RTLIL representation for module `\SB_DFFNESS'.
Generating RTLIL representation for module `\SB_DFFNES'.
Generating RTLIL representation for module `\SB_RAM40_4K'.
Generating RTLIL representation for module `\SB_RAM40_4KNR'.
Generating RTLIL representation for module `\SB_RAM40_4KNW'.
Generating RTLIL representation for module `\SB_RAM40_4KNRNW'.
Generating RTLIL representation for module `\ICESTORM_LC'.
Generating RTLIL representation for module `\SB_PLL40_CORE'.
Generating RTLIL representation for module `\SB_PLL40_PAD'.
Generating RTLIL representation for module `\SB_PLL40_2_PAD'.
Generating RTLIL representation for module `\SB_PLL40_2F_CORE'.
Generating RTLIL representation for module `\SB_PLL40_2F_PAD'.
Generating RTLIL representation for module `\SB_WARMBOOT'.
Generating RTLIL representation for module `\SB_SPRAM256KA'.
Generating RTLIL representation for module `\SB_HFOSC'.
Generating RTLIL representation for module `\SB_LFOSC'.
Generating RTLIL representation for module `\SB_RGBA_DRV'.
Generating RTLIL representation for module `\SB_LED_DRV_CUR'.
Generating RTLIL representation for module `\SB_RGB_DRV'.
Generating RTLIL representation for module `\SB_I2C'.
Generating RTLIL representation for module `\SB_SPI'.
Generating RTLIL representation for module `\SB_LEDDA_IP'.
Generating RTLIL representation for module `\SB_FILTER_50NS'.
Generating RTLIL representation for module `\SB_IO_I3C'.
Generating RTLIL representation for module `\SB_IO_OD'.
Generating RTLIL representation for module `\SB_MAC16'.
Generating RTLIL representation for module `\ICESTORM_RAM'.
Successfully finished Verilog frontend.

3.2. Executing HIERARCHY pass (managing design hierarchy).

3.3. Executing AST frontend in derive mode using pre-parsed AST for module `\top'.
Generating RTLIL representation for module `\top'.

3.3.1. Analyzing design hierarchy..
Top module:  \top

3.3.2. Executing AST frontend in derive mode using pre-parsed AST for module `\vga'.
Generating RTLIL representation for module `\vga'.

3.3.3. Analyzing design hierarchy..
Top module:  \top
Used module:     \vga

3.3.4. Analyzing design hierarchy..
Top module:  \top
Used module:     \vga
Removing unused module `$abstract\vga'.
Removing unused module `$abstract\top'.
Removed 2 unused modules.

3.4. Executing PROC pass (convert processes to netlists).

3.4.1. Executing PROC_CLEAN pass (remove empty switches from decision trees).
Cleaned up 0 empty switches.

3.4.2. Executing PROC_RMDEAD pass (remove dead branches from decision trees).
Marked 1 switch rules as full_case in process $proc$/home/tom/oss-cad-suite/lib/../share/yosys/ice40/cells_sim.v:1414$241 in module SB_DFFNES.
Marked 1 switch rules as full_case in process $proc$/home/tom/oss-cad-suite/lib/../share/yosys/ice40/cells_sim.v:1353$234 in module SB_DFFNESS.
Marked 1 switch rules as full_case in process $proc$/home/tom/oss-cad-suite/lib/../share/yosys/ice40/cells_sim.v:1273$230 in module SB_DFFNER.
Marked 1 switch rules as full_case in process $proc$/home/tom/oss-cad-suite/lib/../share/yosys/ice40/cells_sim.v:1212$223 in module SB_DFFNESR.
Marked 1 switch rules as full_case in process $proc$/home/tom/oss-cad-suite/lib/../share/yosys/ice40/cells_sim.v:1138$220 in module SB_DFFNS.
Marked 1 switch rules as full_case in process $proc$/home/tom/oss-cad-suite/lib/../share/yosys/ice40/cells_sim.v:1088$217 in module SB_DFFNSS.
Marked 1 switch rules as full_case in process $proc$/home/tom/oss-cad-suite/lib/../share/yosys/ice40/cells_sim.v:1017$214 in module SB_DFFNR.
Marked 1 switch rules as full_case in process $proc$/home/tom/oss-cad-suite/lib/../share/yosys/ice40/cells_sim.v:967$211 in module SB_DFFNSR.
Marked 1 switch rules as full_case in process $proc$/home/tom/oss-cad-suite/lib/../share/yosys/ice40/cells_sim.v:803$203 in module SB_DFFES.
Marked 1 switch rules as full_case in process $proc$/home/tom/oss-cad-suite/lib/../share/yosys/ice40/cells_sim.v:742$196 in module SB_DFFESS.
Marked 1 switch rules as full_case in process $proc$/home/tom/oss-cad-suite/lib/../share/yosys/ice40/cells_sim.v:662$192 in module SB_DFFER.
Marked 1 switch rules as full_case in process $proc$/home/tom/oss-cad-suite/lib/../share/yosys/ice40/cells_sim.v:601$185 in module SB_DFFESR.
Marked 1 switch rules as full_case in process $proc$/home/tom/oss-cad-suite/lib/../share/yosys/ice40/cells_sim.v:527$182 in module SB_DFFS.
Marked 1 switch rules as full_case in process $proc$/home/tom/oss-cad-suite/lib/../share/yosys/ice40/cells_sim.v:477$179 in module SB_DFFSS.
Marked 1 switch rules as full_case in process $proc$/home/tom/oss-cad-suite/lib/../share/yosys/ice40/cells_sim.v:406$176 in module SB_DFFR.
Marked 1 switch rules as full_case in process $proc$/home/tom/oss-cad-suite/lib/../share/yosys/ice40/cells_sim.v:356$173 in module SB_DFFSR.
Marked 3 switch rules as full_case in process $proc$vga.v:48$385 in module vga.
Marked 1 switch rules as full_case in process $proc$top_icebreaker.v:25$381 in module top.
Removed a total of 0 dead cases.

3.4.3. Executing PROC_PRUNE pass (remove redundant assignments in processes).
Removed 10 redundant assignments.
Promoted 23 assignments to connections.

3.4.4. Executing PROC_INIT pass (extract init attributes).
Found init rule in `\SB_DFFNES.$proc$/home/tom/oss-cad-suite/lib/../share/yosys/ice40/cells_sim.v:0$244'.
  Set init value: \Q = 1'0
Found init rule in `\SB_DFFNESS.$proc$/home/tom/oss-cad-suite/lib/../share/yosys/ice40/cells_sim.v:0$240'.
  Set init value: \Q = 1'0
Found init rule in `\SB_DFFNER.$proc$/home/tom/oss-cad-suite/lib/../share/yosys/ice40/cells_sim.v:0$233'.
  Set init value: \Q = 1'0
Found init rule in `\SB_DFFNESR.$proc$/home/tom/oss-cad-suite/lib/../share/yosys/ice40/cells_sim.v:0$229'.
  Set init value: \Q = 1'0
Found init rule in `\SB_DFFNS.$proc$/home/tom/oss-cad-suite/lib/../share/yosys/ice40/cells_sim.v:0$222'.
  Set init value: \Q = 1'0
Found init rule in `\SB_DFFNSS.$proc$/home/tom/oss-cad-suite/lib/../share/yosys/ice40/cells_sim.v:0$219'.
  Set init value: \Q = 1'0
Found init rule in `\SB_DFFNR.$proc$/home/tom/oss-cad-suite/lib/../share/yosys/ice40/cells_sim.v:0$216'.
  Set init value: \Q = 1'0
Found init rule in `\SB_DFFNSR.$proc$/home/tom/oss-cad-suite/lib/../share/yosys/ice40/cells_sim.v:0$213'.
  Set init value: \Q = 1'0
Found init rule in `\SB_DFFNE.$proc$/home/tom/oss-cad-suite/lib/../share/yosys/ice40/cells_sim.v:0$210'.
  Set init value: \Q = 1'0
Found init rule in `\SB_DFFN.$proc$/home/tom/oss-cad-suite/lib/../share/yosys/ice40/cells_sim.v:0$208'.
  Set init value: \Q = 1'0
Found init rule in `\SB_DFFES.$proc$/home/tom/oss-cad-suite/lib/../share/yosys/ice40/cells_sim.v:0$206'.
  Set init value: \Q = 1'0
Found init rule in `\SB_DFFESS.$proc$/home/tom/oss-cad-suite/lib/../share/yosys/ice40/cells_sim.v:0$202'.
  Set init value: \Q = 1'0
Found init rule in `\SB_DFFER.$proc$/home/tom/oss-cad-suite/lib/../share/yosys/ice40/cells_sim.v:0$195'.
  Set init value: \Q = 1'0
Found init rule in `\SB_DFFESR.$proc$/home/tom/oss-cad-suite/lib/../share/yosys/ice40/cells_sim.v:0$191'.
  Set init value: \Q = 1'0
Found init rule in `\SB_DFFS.$proc$/home/tom/oss-cad-suite/lib/../share/yosys/ice40/cells_sim.v:0$184'.
  Set init value: \Q = 1'0
Found init rule in `\SB_DFFSS.$proc$/home/tom/oss-cad-suite/lib/../share/yosys/ice40/cells_sim.v:0$181'.
  Set init value: \Q = 1'0
Found init rule in `\SB_DFFR.$proc$/home/tom/oss-cad-suite/lib/../share/yosys/ice40/cells_sim.v:0$178'.
  Set init value: \Q = 1'0
Found init rule in `\SB_DFFSR.$proc$/home/tom/oss-cad-suite/lib/../share/yosys/ice40/cells_sim.v:0$175'.
  Set init value: \Q = 1'0
Found init rule in `\SB_DFFE.$proc$/home/tom/oss-cad-suite/lib/../share/yosys/ice40/cells_sim.v:0$172'.
  Set init value: \Q = 1'0
Found init rule in `\SB_DFF.$proc$/home/tom/oss-cad-suite/lib/../share/yosys/ice40/cells_sim.v:0$170'.
  Set init value: \Q = 1'0
Found init rule in `\top.$proc$top_icebreaker.v:20$384'.
  Set init value: \rst_counter = 10'1111111111

3.4.5. Executing PROC_ARST pass (detect async resets in processes).
Found async reset \S in `\SB_DFFNES.$proc$/home/tom/oss-cad-suite/lib/../share/yosys/ice40/cells_sim.v:1414$241'.
Found async reset \R in `\SB_DFFNER.$proc$/home/tom/oss-cad-suite/lib/../share/yosys/ice40/cells_sim.v:1273$230'.
Found async reset \S in `\SB_DFFNS.$proc$/home/tom/oss-cad-suite/lib/../share/yosys/ice40/cells_sim.v:1138$220'.
Found async reset \R in `\SB_DFFNR.$proc$/home/tom/oss-cad-suite/lib/../share/yosys/ice40/cells_sim.v:1017$214'.
Found async reset \S in `\SB_DFFES.$proc$/home/tom/oss-cad-suite/lib/../share/yosys/ice40/cells_sim.v:803$203'.
Found async reset \R in `\SB_DFFER.$proc$/home/tom/oss-cad-suite/lib/../share/yosys/ice40/cells_sim.v:662$192'.
Found async reset \S in `\SB_DFFS.$proc$/home/tom/oss-cad-suite/lib/../share/yosys/ice40/cells_sim.v:527$182'.
Found async reset \R in `\SB_DFFR.$proc$/home/tom/oss-cad-suite/lib/../share/yosys/ice40/cells_sim.v:406$176'.

3.4.6. Executing PROC_ROM pass (convert switches to ROMs).
Converted 0 switches.
<suppressed ~22 debug messages>

3.4.7. Executing PROC_MUX pass (convert decision trees to multiplexers).
Creating decoders for process `\SB_DFFNES.$proc$/home/tom/oss-cad-suite/lib/../share/yosys/ice40/cells_sim.v:0$244'.
Creating decoders for process `\SB_DFFNES.$proc$/home/tom/oss-cad-suite/lib/../share/yosys/ice40/cells_sim.v:1414$241'.
     1/1: $0\Q[0:0]
Creating decoders for process `\SB_DFFNESS.$proc$/home/tom/oss-cad-suite/lib/../share/yosys/ice40/cells_sim.v:0$240'.
Creating decoders for process `\SB_DFFNESS.$proc$/home/tom/oss-cad-suite/lib/../share/yosys/ice40/cells_sim.v:1353$234'.
     1/1: $0\Q[0:0]
Creating decoders for process `\SB_DFFNER.$proc$/home/tom/oss-cad-suite/lib/../share/yosys/ice40/cells_sim.v:0$233'.
Creating decoders for process `\SB_DFFNER.$proc$/home/tom/oss-cad-suite/lib/../share/yosys/ice40/cells_sim.v:1273$230'.
     1/1: $0\Q[0:0]
Creating decoders for process `\SB_DFFNESR.$proc$/home/tom/oss-cad-suite/lib/../share/yosys/ice40/cells_sim.v:0$229'.
Creating decoders for process `\SB_DFFNESR.$proc$/home/tom/oss-cad-suite/lib/../share/yosys/ice40/cells_sim.v:1212$223'.
     1/1: $0\Q[0:0]
Creating decoders for process `\SB_DFFNS.$proc$/home/tom/oss-cad-suite/lib/../share/yosys/ice40/cells_sim.v:0$222'.
Creating decoders for process `\SB_DFFNS.$proc$/home/tom/oss-cad-suite/lib/../share/yosys/ice40/cells_sim.v:1138$220'.
     1/1: $0\Q[0:0]
Creating decoders for process `\SB_DFFNSS.$proc$/home/tom/oss-cad-suite/lib/../share/yosys/ice40/cells_sim.v:0$219'.
Creating decoders for process `\SB_DFFNSS.$proc$/home/tom/oss-cad-suite/lib/../share/yosys/ice40/cells_sim.v:1088$217'.
     1/1: $0\Q[0:0]
Creating decoders for process `\SB_DFFNR.$proc$/home/tom/oss-cad-suite/lib/../share/yosys/ice40/cells_sim.v:0$216'.
Creating decoders for process `\SB_DFFNR.$proc$/home/tom/oss-cad-suite/lib/../share/yosys/ice40/cells_sim.v:1017$214'.
     1/1: $0\Q[0:0]
Creating decoders for process `\SB_DFFNSR.$proc$/home/tom/oss-cad-suite/lib/../share/yosys/ice40/cells_sim.v:0$213'.
Creating decoders for process `\SB_DFFNSR.$proc$/home/tom/oss-cad-suite/lib/../share/yosys/ice40/cells_sim.v:967$211'.
     1/1: $0\Q[0:0]
Creating decoders for process `\SB_DFFNE.$proc$/home/tom/oss-cad-suite/lib/../share/yosys/ice40/cells_sim.v:0$210'.
Creating decoders for process `\SB_DFFNE.$proc$/home/tom/oss-cad-suite/lib/../share/yosys/ice40/cells_sim.v:922$209'.
     1/1: $0\Q[0:0]
Creating decoders for process `\SB_DFFN.$proc$/home/tom/oss-cad-suite/lib/../share/yosys/ice40/cells_sim.v:0$208'.
Creating decoders for process `\SB_DFFN.$proc$/home/tom/oss-cad-suite/lib/../share/yosys/ice40/cells_sim.v:882$207'.
Creating decoders for process `\SB_DFFES.$proc$/home/tom/oss-cad-suite/lib/../share/yosys/ice40/cells_sim.v:0$206'.
Creating decoders for process `\SB_DFFES.$proc$/home/tom/oss-cad-suite/lib/../share/yosys/ice40/cells_sim.v:803$203'.
     1/1: $0\Q[0:0]
Creating decoders for process `\SB_DFFESS.$proc$/home/tom/oss-cad-suite/lib/../share/yosys/ice40/cells_sim.v:0$202'.
Creating decoders for process `\SB_DFFESS.$proc$/home/tom/oss-cad-suite/lib/../share/yosys/ice40/cells_sim.v:742$196'.
     1/1: $0\Q[0:0]
Creating decoders for process `\SB_DFFER.$proc$/home/tom/oss-cad-suite/lib/../share/yosys/ice40/cells_sim.v:0$195'.
Creating decoders for process `\SB_DFFER.$proc$/home/tom/oss-cad-suite/lib/../share/yosys/ice40/cells_sim.v:662$192'.
     1/1: $0\Q[0:0]
Creating decoders for process `\SB_DFFESR.$proc$/home/tom/oss-cad-suite/lib/../share/yosys/ice40/cells_sim.v:0$191'.
Creating decoders for process `\SB_DFFESR.$proc$/home/tom/oss-cad-suite/lib/../share/yosys/ice40/cells_sim.v:601$185'.
     1/1: $0\Q[0:0]
Creating decoders for process `\SB_DFFS.$proc$/home/tom/oss-cad-suite/lib/../share/yosys/ice40/cells_sim.v:0$184'.
Creating decoders for process `\SB_DFFS.$proc$/home/tom/oss-cad-suite/lib/../share/yosys/ice40/cells_sim.v:527$182'.
     1/1: $0\Q[0:0]
Creating decoders for process `\SB_DFFSS.$proc$/home/tom/oss-cad-suite/lib/../share/yosys/ice40/cells_sim.v:0$181'.
Creating decoders for process `\SB_DFFSS.$proc$/home/tom/oss-cad-suite/lib/../share/yosys/ice40/cells_sim.v:477$179'.
     1/1: $0\Q[0:0]
Creating decoders for process `\SB_DFFR.$proc$/home/tom/oss-cad-suite/lib/../share/yosys/ice40/cells_sim.v:0$178'.
Creating decoders for process `\SB_DFFR.$proc$/home/tom/oss-cad-suite/lib/../share/yosys/ice40/cells_sim.v:406$176'.
     1/1: $0\Q[0:0]
Creating decoders for process `\SB_DFFSR.$proc$/home/tom/oss-cad-suite/lib/../share/yosys/ice40/cells_sim.v:0$175'.
Creating decoders for process `\SB_DFFSR.$proc$/home/tom/oss-cad-suite/lib/../share/yosys/ice40/cells_sim.v:356$173'.
     1/1: $0\Q[0:0]
Creating decoders for process `\SB_DFFE.$proc$/home/tom/oss-cad-suite/lib/../share/yosys/ice40/cells_sim.v:0$172'.
Creating decoders for process `\SB_DFFE.$proc$/home/tom/oss-cad-suite/lib/../share/yosys/ice40/cells_sim.v:311$171'.
     1/1: $0\Q[0:0]
Creating decoders for process `\SB_DFF.$proc$/home/tom/oss-cad-suite/lib/../share/yosys/ice40/cells_sim.v:0$170'.
Creating decoders for process `\SB_DFF.$proc$/home/tom/oss-cad-suite/lib/../share/yosys/ice40/cells_sim.v:271$169'.
Creating decoders for process `\vga.$proc$vga.v:48$385'.
     1/7: $0\count_h[9:0]
     2/7: $0\vs_out[0:0]
     3/7: $0\hs_out[0:0]
     4/7: $0\blu[0:0]
     5/7: $0\grn[0:0]
     6/7: $0\red[0:0]
     7/7: $0\count_v[8:0]
Creating decoders for process `\top.$proc$top_icebreaker.v:20$384'.
Creating decoders for process `\top.$proc$top_icebreaker.v:25$381'.
     1/2: $0\rst[0:0]
     2/2: $0\rst_counter[9:0]

3.4.8. Executing PROC_DLATCH pass (convert process syncs to latches).

3.4.9. Executing PROC_DFF pass (convert process syncs to FFs).
Creating register for signal `\SB_DFFNES.\Q' using process `\SB_DFFNES.$proc$/home/tom/oss-cad-suite/lib/../share/yosys/ice40/cells_sim.v:1414$241'.
  created $adff cell `$procdff$479' with negative edge clock and positive level reset.
Creating register for signal `\SB_DFFNESS.\Q' using process `\SB_DFFNESS.$proc$/home/tom/oss-cad-suite/lib/../share/yosys/ice40/cells_sim.v:1353$234'.
  created $dff cell `$procdff$480' with negative edge clock.
Creating register for signal `\SB_DFFNER.\Q' using process `\SB_DFFNER.$proc$/home/tom/oss-cad-suite/lib/../share/yosys/ice40/cells_sim.v:1273$230'.
  created $adff cell `$procdff$481' with negative edge clock and positive level reset.
Creating register for signal `\SB_DFFNESR.\Q' using process `\SB_DFFNESR.$proc$/home/tom/oss-cad-suite/lib/../share/yosys/ice40/cells_sim.v:1212$223'.
  created $dff cell `$procdff$482' with negative edge clock.
Creating register for signal `\SB_DFFNS.\Q' using process `\SB_DFFNS.$proc$/home/tom/oss-cad-suite/lib/../share/yosys/ice40/cells_sim.v:1138$220'.
  created $adff cell `$procdff$483' with negative edge clock and positive level reset.
Creating register for signal `\SB_DFFNSS.\Q' using process `\SB_DFFNSS.$proc$/home/tom/oss-cad-suite/lib/../share/yosys/ice40/cells_sim.v:1088$217'.
  created $dff cell `$procdff$484' with negative edge clock.
Creating register for signal `\SB_DFFNR.\Q' using process `\SB_DFFNR.$proc$/home/tom/oss-cad-suite/lib/../share/yosys/ice40/cells_sim.v:1017$214'.
  created $adff cell `$procdff$485' with negative edge clock and positive level reset.
Creating register for signal `\SB_DFFNSR.\Q' using process `\SB_DFFNSR.$proc$/home/tom/oss-cad-suite/lib/../share/yosys/ice40/cells_sim.v:967$211'.
  created $dff cell `$procdff$486' with negative edge clock.
Creating register for signal `\SB_DFFNE.\Q' using process `\SB_DFFNE.$proc$/home/tom/oss-cad-suite/lib/../share/yosys/ice40/cells_sim.v:922$209'.
  created $dff cell `$procdff$487' with negative edge clock.
Creating register for signal `\SB_DFFN.\Q' using process `\SB_DFFN.$proc$/home/tom/oss-cad-suite/lib/../share/yosys/ice40/cells_sim.v:882$207'.
  created $dff cell `$procdff$488' with negative edge clock.
Creating register for signal `\SB_DFFES.\Q' using process `\SB_DFFES.$proc$/home/tom/oss-cad-suite/lib/../share/yosys/ice40/cells_sim.v:803$203'.
  created $adff cell `$procdff$489' with positive edge clock and positive level reset.
Creating register for signal `\SB_DFFESS.\Q' using process `\SB_DFFESS.$proc$/home/tom/oss-cad-suite/lib/../share/yosys/ice40/cells_sim.v:742$196'.
  created $dff cell `$procdff$490' with positive edge clock.
Creating register for signal `\SB_DFFER.\Q' using process `\SB_DFFER.$proc$/home/tom/oss-cad-suite/lib/../share/yosys/ice40/cells_sim.v:662$192'.
  created $adff cell `$procdff$491' with positive edge clock and positive level reset.
Creating register for signal `\SB_DFFESR.\Q' using process `\SB_DFFESR.$proc$/home/tom/oss-cad-suite/lib/../share/yosys/ice40/cells_sim.v:601$185'.
  created $dff cell `$procdff$492' with positive edge clock.
Creating register for signal `\SB_DFFS.\Q' using process `\SB_DFFS.$proc$/home/tom/oss-cad-suite/lib/../share/yosys/ice40/cells_sim.v:527$182'.
  created $adff cell `$procdff$493' with positive edge clock and positive level reset.
Creating register for signal `\SB_DFFSS.\Q' using process `\SB_DFFSS.$proc$/home/tom/oss-cad-suite/lib/../share/yosys/ice40/cells_sim.v:477$179'.
  created $dff cell `$procdff$494' with positive edge clock.
Creating register for signal `\SB_DFFR.\Q' using process `\SB_DFFR.$proc$/home/tom/oss-cad-suite/lib/../share/yosys/ice40/cells_sim.v:406$176'.
  created $adff cell `$procdff$495' with positive edge clock and positive level reset.
Creating register for signal `\SB_DFFSR.\Q' using process `\SB_DFFSR.$proc$/home/tom/oss-cad-suite/lib/../share/yosys/ice40/cells_sim.v:356$173'.
  created $dff cell `$procdff$496' with positive edge clock.
Creating register for signal `\SB_DFFE.\Q' using process `\SB_DFFE.$proc$/home/tom/oss-cad-suite/lib/../share/yosys/ice40/cells_sim.v:311$171'.
  created $dff cell `$procdff$497' with positive edge clock.
Creating register for signal `\SB_DFF.\Q' using process `\SB_DFF.$proc$/home/tom/oss-cad-suite/lib/../share/yosys/ice40/cells_sim.v:271$169'.
  created $dff cell `$procdff$498' with positive edge clock.
Creating register for signal `\vga.\count_h' using process `\vga.$proc$vga.v:48$385'.
  created $dff cell `$procdff$499' with positive edge clock.
Creating register for signal `\vga.\count_v' using process `\vga.$proc$vga.v:48$385'.
  created $dff cell `$procdff$500' with positive edge clock.
Creating register for signal `\vga.\red' using process `\vga.$proc$vga.v:48$385'.
  created $dff cell `$procdff$501' with positive edge clock.
Creating register for signal `\vga.\grn' using process `\vga.$proc$vga.v:48$385'.
  created $dff cell `$procdff$502' with positive edge clock.
Creating register for signal `\vga.\blu' using process `\vga.$proc$vga.v:48$385'.
  created $dff cell `$procdff$503' with positive edge clock.
Creating register for signal `\vga.\hs_out' using process `\vga.$proc$vga.v:48$385'.
  created $dff cell `$procdff$504' with positive edge clock.
Creating register for signal `\vga.\vs_out' using process `\vga.$proc$vga.v:48$385'.
  created $dff cell `$procdff$505' with positive edge clock.
Creating register for signal `\top.\rst_counter' using process `\top.$proc$top_icebreaker.v:25$381'.
  created $dff cell `$procdff$506' with positive edge clock.
Creating register for signal `\top.\rst' using process `\top.$proc$top_icebreaker.v:25$381'.
  created $dff cell `$procdff$507' with positive edge clock.

3.4.10. Executing PROC_MEMWR pass (convert process memory writes to cells).

3.4.11. Executing PROC_CLEAN pass (remove empty switches from decision trees).
Removing empty process `SB_DFFNES.$proc$/home/tom/oss-cad-suite/lib/../share/yosys/ice40/cells_sim.v:0$244'.
Found and cleaned up 1 empty switch in `\SB_DFFNES.$proc$/home/tom/oss-cad-suite/lib/../share/yosys/ice40/cells_sim.v:1414$241'.
Removing empty process `SB_DFFNES.$proc$/home/tom/oss-cad-suite/lib/../share/yosys/ice40/cells_sim.v:1414$241'.
Removing empty process `SB_DFFNESS.$proc$/home/tom/oss-cad-suite/lib/../share/yosys/ice40/cells_sim.v:0$240'.
Found and cleaned up 2 empty switches in `\SB_DFFNESS.$proc$/home/tom/oss-cad-suite/lib/../share/yosys/ice40/cells_sim.v:1353$234'.
Removing empty process `SB_DFFNESS.$proc$/home/tom/oss-cad-suite/lib/../share/yosys/ice40/cells_sim.v:1353$234'.
Removing empty process `SB_DFFNER.$proc$/home/tom/oss-cad-suite/lib/../share/yosys/ice40/cells_sim.v:0$233'.
Found and cleaned up 1 empty switch in `\SB_DFFNER.$proc$/home/tom/oss-cad-suite/lib/../share/yosys/ice40/cells_sim.v:1273$230'.
Removing empty process `SB_DFFNER.$proc$/home/tom/oss-cad-suite/lib/../share/yosys/ice40/cells_sim.v:1273$230'.
Removing empty process `SB_DFFNESR.$proc$/home/tom/oss-cad-suite/lib/../share/yosys/ice40/cells_sim.v:0$229'.
Found and cleaned up 2 empty switches in `\SB_DFFNESR.$proc$/home/tom/oss-cad-suite/lib/../share/yosys/ice40/cells_sim.v:1212$223'.
Removing empty process `SB_DFFNESR.$proc$/home/tom/oss-cad-suite/lib/../share/yosys/ice40/cells_sim.v:1212$223'.
Removing empty process `SB_DFFNS.$proc$/home/tom/oss-cad-suite/lib/../share/yosys/ice40/cells_sim.v:0$222'.
Removing empty process `SB_DFFNS.$proc$/home/tom/oss-cad-suite/lib/../share/yosys/ice40/cells_sim.v:1138$220'.
Removing empty process `SB_DFFNSS.$proc$/home/tom/oss-cad-suite/lib/../share/yosys/ice40/cells_sim.v:0$219'.
Found and cleaned up 1 empty switch in `\SB_DFFNSS.$proc$/home/tom/oss-cad-suite/lib/../share/yosys/ice40/cells_sim.v:1088$217'.
Removing empty process `SB_DFFNSS.$proc$/home/tom/oss-cad-suite/lib/../share/yosys/ice40/cells_sim.v:1088$217'.
Removing empty process `SB_DFFNR.$proc$/home/tom/oss-cad-suite/lib/../share/yosys/ice40/cells_sim.v:0$216'.
Removing empty process `SB_DFFNR.$proc$/home/tom/oss-cad-suite/lib/../share/yosys/ice40/cells_sim.v:1017$214'.
Removing empty process `SB_DFFNSR.$proc$/home/tom/oss-cad-suite/lib/../share/yosys/ice40/cells_sim.v:0$213'.
Found and cleaned up 1 empty switch in `\SB_DFFNSR.$proc$/home/tom/oss-cad-suite/lib/../share/yosys/ice40/cells_sim.v:967$211'.
Removing empty process `SB_DFFNSR.$proc$/home/tom/oss-cad-suite/lib/../share/yosys/ice40/cells_sim.v:967$211'.
Removing empty process `SB_DFFNE.$proc$/home/tom/oss-cad-suite/lib/../share/yosys/ice40/cells_sim.v:0$210'.
Found and cleaned up 1 empty switch in `\SB_DFFNE.$proc$/home/tom/oss-cad-suite/lib/../share/yosys/ice40/cells_sim.v:922$209'.
Removing empty process `SB_DFFNE.$proc$/home/tom/oss-cad-suite/lib/../share/yosys/ice40/cells_sim.v:922$209'.
Removing empty process `SB_DFFN.$proc$/home/tom/oss-cad-suite/lib/../share/yosys/ice40/cells_sim.v:0$208'.
Removing empty process `SB_DFFN.$proc$/home/tom/oss-cad-suite/lib/../share/yosys/ice40/cells_sim.v:882$207'.
Removing empty process `SB_DFFES.$proc$/home/tom/oss-cad-suite/lib/../share/yosys/ice40/cells_sim.v:0$206'.
Found and cleaned up 1 empty switch in `\SB_DFFES.$proc$/home/tom/oss-cad-suite/lib/../share/yosys/ice40/cells_sim.v:803$203'.
Removing empty process `SB_DFFES.$proc$/home/tom/oss-cad-suite/lib/../share/yosys/ice40/cells_sim.v:803$203'.
Removing empty process `SB_DFFESS.$proc$/home/tom/oss-cad-suite/lib/../share/yosys/ice40/cells_sim.v:0$202'.
Found and cleaned up 2 empty switches in `\SB_DFFESS.$proc$/home/tom/oss-cad-suite/lib/../share/yosys/ice40/cells_sim.v:742$196'.
Removing empty process `SB_DFFESS.$proc$/home/tom/oss-cad-suite/lib/../share/yosys/ice40/cells_sim.v:742$196'.
Removing empty process `SB_DFFER.$proc$/home/tom/oss-cad-suite/lib/../share/yosys/ice40/cells_sim.v:0$195'.
Found and cleaned up 1 empty switch in `\SB_DFFER.$proc$/home/tom/oss-cad-suite/lib/../share/yosys/ice40/cells_sim.v:662$192'.
Removing empty process `SB_DFFER.$proc$/home/tom/oss-cad-suite/lib/../share/yosys/ice40/cells_sim.v:662$192'.
Removing empty process `SB_DFFESR.$proc$/home/tom/oss-cad-suite/lib/../share/yosys/ice40/cells_sim.v:0$191'.
Found and cleaned up 2 empty switches in `\SB_DFFESR.$proc$/home/tom/oss-cad-suite/lib/../share/yosys/ice40/cells_sim.v:601$185'.
Removing empty process `SB_DFFESR.$proc$/home/tom/oss-cad-suite/lib/../share/yosys/ice40/cells_sim.v:601$185'.
Removing empty process `SB_DFFS.$proc$/home/tom/oss-cad-suite/lib/../share/yosys/ice40/cells_sim.v:0$184'.
Removing empty process `SB_DFFS.$proc$/home/tom/oss-cad-suite/lib/../share/yosys/ice40/cells_sim.v:527$182'.
Removing empty process `SB_DFFSS.$proc$/home/tom/oss-cad-suite/lib/../share/yosys/ice40/cells_sim.v:0$181'.
Found and cleaned up 1 empty switch in `\SB_DFFSS.$proc$/home/tom/oss-cad-suite/lib/../share/yosys/ice40/cells_sim.v:477$179'.
Removing empty process `SB_DFFSS.$proc$/home/tom/oss-cad-suite/lib/../share/yosys/ice40/cells_sim.v:477$179'.
Removing empty process `SB_DFFR.$proc$/home/tom/oss-cad-suite/lib/../share/yosys/ice40/cells_sim.v:0$178'.
Removing empty process `SB_DFFR.$proc$/home/tom/oss-cad-suite/lib/../share/yosys/ice40/cells_sim.v:406$176'.
Removing empty process `SB_DFFSR.$proc$/home/tom/oss-cad-suite/lib/../share/yosys/ice40/cells_sim.v:0$175'.
Found and cleaned up 1 empty switch in `\SB_DFFSR.$proc$/home/tom/oss-cad-suite/lib/../share/yosys/ice40/cells_sim.v:356$173'.
Removing empty process `SB_DFFSR.$proc$/home/tom/oss-cad-suite/lib/../share/yosys/ice40/cells_sim.v:356$173'.
Removing empty process `SB_DFFE.$proc$/home/tom/oss-cad-suite/lib/../share/yosys/ice40/cells_sim.v:0$172'.
Found and cleaned up 1 empty switch in `\SB_DFFE.$proc$/home/tom/oss-cad-suite/lib/../share/yosys/ice40/cells_sim.v:311$171'.
Removing empty process `SB_DFFE.$proc$/home/tom/oss-cad-suite/lib/../share/yosys/ice40/cells_sim.v:311$171'.
Removing empty process `SB_DFF.$proc$/home/tom/oss-cad-suite/lib/../share/yosys/ice40/cells_sim.v:0$170'.
Removing empty process `SB_DFF.$proc$/home/tom/oss-cad-suite/lib/../share/yosys/ice40/cells_sim.v:271$169'.
Found and cleaned up 3 empty switches in `\vga.$proc$vga.v:48$385'.
Removing empty process `vga.$proc$vga.v:48$385'.
Removing empty process `top.$proc$top_icebreaker.v:20$384'.
Found and cleaned up 1 empty switch in `\top.$proc$top_icebreaker.v:25$381'.
Removing empty process `top.$proc$top_icebreaker.v:25$381'.
Cleaned up 22 empty switches.

3.4.12. Executing OPT_EXPR pass (perform const folding).
Optimizing module vga.
Optimizing module top.
<suppressed ~1 debug messages>

3.5. Executing FLATTEN pass (flatten design).
Deleting now unused module vga.
<suppressed ~1 debug messages>

3.6. Executing TRIBUF pass.

3.7. Executing DEMINOUT pass (demote inout ports to input or output).

3.8. Executing OPT_EXPR pass (perform const folding).
Optimizing module top.

3.9. Executing OPT_CLEAN pass (remove unused cells and wires).
Finding unused cells or wires in module \top..
Removed 0 unused cells and 25 unused wires.
<suppressed ~1 debug messages>

3.10. Executing CHECK pass (checking for obvious problems).
Checking module top...
Found and reported 0 problems.

3.11. Executing OPT pass (performing simple optimizations).

3.11.1. Executing OPT_EXPR pass (perform const folding).
Optimizing module top.

3.11.2. Executing OPT_MERGE pass (detect identical cells).
Finding identical cells in module `\top'.
Removed a total of 0 cells.

3.11.3. Executing OPT_MUXTREE pass (detect dead branches in mux trees).
Running muxtree optimizer on module \top..
  Creating internal representation of mux trees.
  Evaluating internal representation of mux trees.
  Analyzing evaluation results.
Removed 0 multiplexer ports.
<suppressed ~9 debug messages>

3.11.4. Executing OPT_REDUCE pass (consolidate $*mux and $reduce_* inputs).
  Optimizing cells in module \top.
Performed a total of 0 changes.

3.11.5. Executing OPT_MERGE pass (detect identical cells).
Finding identical cells in module `\top'.
Removed a total of 0 cells.

3.11.6. Executing OPT_DFF pass (perform DFF optimizations).

3.11.7. Executing OPT_CLEAN pass (remove unused cells and wires).
Finding unused cells or wires in module \top..

3.11.8. Executing OPT_EXPR pass (perform const folding).
Optimizing module top.

3.11.9. Finished OPT passes. (There is nothing left to do.)

3.12. Executing FSM pass (extract and optimize FSM).

3.12.1. Executing FSM_DETECT pass (finding FSMs in design).

3.12.2. Executing FSM_EXTRACT pass (extracting FSM from design).

3.12.3. Executing FSM_OPT pass (simple optimizations of FSMs).

3.12.4. Executing OPT_CLEAN pass (remove unused cells and wires).
Finding unused cells or wires in module \top..

3.12.5. Executing FSM_OPT pass (simple optimizations of FSMs).

3.12.6. Executing FSM_RECODE pass (re-assigning FSM state encoding).

3.12.7. Executing FSM_INFO pass (dumping all available information on FSM cells).

3.12.8. Executing FSM_MAP pass (mapping FSMs to basic logic).

3.13. Executing OPT pass (performing simple optimizations).

3.13.1. Executing OPT_EXPR pass (perform const folding).
Optimizing module top.

3.13.2. Executing OPT_MERGE pass (detect identical cells).
Finding identical cells in module `\top'.
Removed a total of 0 cells.

3.13.3. Executing OPT_MUXTREE pass (detect dead branches in mux trees).
Running muxtree optimizer on module \top..
  Creating internal representation of mux trees.
  Evaluating internal representation of mux trees.
  Analyzing evaluation results.
Removed 0 multiplexer ports.
<suppressed ~9 debug messages>

3.13.4. Executing OPT_REDUCE pass (consolidate $*mux and $reduce_* inputs).
  Optimizing cells in module \top.
Performed a total of 0 changes.

3.13.5. Executing OPT_MERGE pass (detect identical cells).
Finding identical cells in module `\top'.
Removed a total of 0 cells.

3.13.6. Executing OPT_DFF pass (perform DFF optimizations).
Adding EN signal on $procdff$506 ($dff) from module top (D = $sub$top_icebreaker.v:28$383_Y [9:0], Q = \rst_counter).
Adding EN signal on $flatten\vga.$procdff$505 ($dff) from module top (D = $flatten\vga.$procmux$444_Y, Q = \vga.vs_out).
Adding SRST signal on $auto$ff.cc:266:slice$509 ($dffe) from module top (D = $flatten\vga.$procmux$441_Y, Q = \vga.vs_out, rval = 1'0).
Adding EN signal on $flatten\vga.$procdff$504 ($dff) from module top (D = $flatten\vga.$procmux$450_Y, Q = \vga.hs_out).
Adding EN signal on $flatten\vga.$procdff$503 ($dff) from module top (D = 1'0, Q = \vga.blu).
Adding EN signal on $flatten\vga.$procdff$502 ($dff) from module top (D = 1'0, Q = \vga.grn).
Adding EN signal on $flatten\vga.$procdff$501 ($dff) from module top (D = 1'0, Q = \vga.red).
Adding SRST signal on $flatten\vga.$procdff$500 ($dff) from module top (D = $flatten\vga.$procmux$468_Y, Q = \vga.count_v, rval = 9'000000000).
Adding EN signal on $auto$ff.cc:266:slice$521 ($sdff) from module top (D = $flatten\vga.$procmux$465_Y, Q = \vga.count_v).
Adding SRST signal on $flatten\vga.$procdff$499 ($dff) from module top (D = $flatten\vga.$add$vga.v:58$387_Y [9:0], Q = \vga.count_h, rval = 10'0000000000).
Setting constant 0-bit at position 0 on $auto$ff.cc:266:slice$520 ($dffe) from module top.
Setting constant 0-bit at position 0 on $auto$ff.cc:266:slice$519 ($dffe) from module top.
Setting constant 0-bit at position 0 on $auto$ff.cc:266:slice$518 ($dffe) from module top.

3.13.7. Executing OPT_CLEAN pass (remove unused cells and wires).
Finding unused cells or wires in module \top..
Removed 11 unused cells and 11 unused wires.
<suppressed ~12 debug messages>

3.13.8. Executing OPT_EXPR pass (perform const folding).
Optimizing module top.

3.13.9. Rerunning OPT passes. (Maybe there is more to do..)

3.13.10. Executing OPT_MUXTREE pass (detect dead branches in mux trees).
Running muxtree optimizer on module \top..
  Creating internal representation of mux trees.
  Evaluating internal representation of mux trees.
  Analyzing evaluation results.
Removed 0 multiplexer ports.
<suppressed ~4 debug messages>

3.13.11. Executing OPT_REDUCE pass (consolidate $*mux and $reduce_* inputs).
  Optimizing cells in module \top.
Performed a total of 0 changes.

3.13.12. Executing OPT_MERGE pass (detect identical cells).
Finding identical cells in module `\top'.
Removed a total of 0 cells.

3.13.13. Executing OPT_DFF pass (perform DFF optimizations).

3.13.14. Executing OPT_CLEAN pass (remove unused cells and wires).
Finding unused cells or wires in module \top..

3.13.15. Executing OPT_EXPR pass (perform const folding).
Optimizing module top.

3.13.16. Finished OPT passes. (There is nothing left to do.)

3.14. Executing WREDUCE pass (reducing word size of cells).
Removed top 1 bits (of 2) from port B of cell top.$auto$opt_dff.cc:195:make_patterns_logic$511 ($ne).
Removed top 31 bits (of 32) from port B of cell top.$sub$top_icebreaker.v:28$383 ($sub).
Removed top 22 bits (of 32) from port Y of cell top.$sub$top_icebreaker.v:28$383 ($sub).
Removed top 31 bits (of 32) from port B of cell top.$flatten\vga.$add$vga.v:63$389 ($add).
Removed top 23 bits (of 32) from port Y of cell top.$flatten\vga.$add$vga.v:63$389 ($add).
Removed top 31 bits (of 32) from port B of cell top.$flatten\vga.$add$vga.v:58$387 ($add).
Removed top 22 bits (of 32) from port Y of cell top.$flatten\vga.$add$vga.v:58$387 ($add).
Removed top 22 bits (of 32) from wire top.$flatten\vga.$add$vga.v:58$387_Y.
Removed top 23 bits (of 32) from wire top.$flatten\vga.$add$vga.v:63$389_Y.
Removed top 22 bits (of 32) from wire top.$sub$top_icebreaker.v:28$383_Y.

3.15. Executing PEEPOPT pass (run peephole optimizers).

3.16. Executing OPT_CLEAN pass (remove unused cells and wires).
Finding unused cells or wires in module \top..
Removed 0 unused cells and 3 unused wires.
<suppressed ~1 debug messages>

3.17. Executing SHARE pass (SAT-based resource sharing).

3.18. Executing TECHMAP pass (map to technology primitives).

3.18.1. Executing Verilog-2005 frontend: /home/tom/oss-cad-suite/lib/../share/yosys/cmp2lut.v
Parsing Verilog input from `/home/tom/oss-cad-suite/lib/../share/yosys/cmp2lut.v' to AST representation.
Generating RTLIL representation for module `\_90_lut_cmp_'.
Successfully finished Verilog frontend.

3.18.2. Continuing TECHMAP pass.
No more expansions possible.
<suppressed ~6 debug messages>

3.19. Executing OPT_EXPR pass (perform const folding).
Optimizing module top.

3.20. Executing OPT_CLEAN pass (remove unused cells and wires).
Finding unused cells or wires in module \top..

3.21. Executing ALUMACC pass (create $alu and $macc cells).
Extracting $alu and $macc cells in module top:
  creating $macc model for $flatten\vga.$add$vga.v:58$387 ($add).
  creating $macc model for $flatten\vga.$add$vga.v:63$389 ($add).
  creating $macc model for $sub$top_icebreaker.v:28$383 ($sub).
  creating $alu model for $macc $sub$top_icebreaker.v:28$383.
  creating $alu model for $macc $flatten\vga.$add$vga.v:63$389.
  creating $alu model for $macc $flatten\vga.$add$vga.v:58$387.
  creating $alu cell for $flatten\vga.$add$vga.v:58$387: $auto$alumacc.cc:485:replace_alu$532
  creating $alu cell for $flatten\vga.$add$vga.v:63$389: $auto$alumacc.cc:485:replace_alu$535
  creating $alu cell for $sub$top_icebreaker.v:28$383: $auto$alumacc.cc:485:replace_alu$538
  created 3 $alu and 0 $macc cells.

3.22. Executing OPT pass (performing simple optimizations).

3.22.1. Executing OPT_EXPR pass (perform const folding).
Optimizing module top.

3.22.2. Executing OPT_MERGE pass (detect identical cells).
Finding identical cells in module `\top'.
Removed a total of 0 cells.

3.22.3. Executing OPT_MUXTREE pass (detect dead branches in mux trees).
Running muxtree optimizer on module \top..
  Creating internal representation of mux trees.
  Evaluating internal representation of mux trees.
  Analyzing evaluation results.
Removed 0 multiplexer ports.
<suppressed ~4 debug messages>

3.22.4. Executing OPT_REDUCE pass (consolidate $*mux and $reduce_* inputs).
  Optimizing cells in module \top.
Performed a total of 0 changes.

3.22.5. Executing OPT_MERGE pass (detect identical cells).
Finding identical cells in module `\top'.
Removed a total of 0 cells.

3.22.6. Executing OPT_DFF pass (perform DFF optimizations).

3.22.7. Executing OPT_CLEAN pass (remove unused cells and wires).
Finding unused cells or wires in module \top..

3.22.8. Executing OPT_EXPR pass (perform const folding).
Optimizing module top.

3.22.9. Finished OPT passes. (There is nothing left to do.)

3.23. Executing MEMORY pass.

3.23.1. Executing OPT_MEM pass (optimize memories).
Performed a total of 0 transformations.

3.23.2. Executing OPT_MEM_PRIORITY pass (removing unnecessary memory write priority relations).
Performed a total of 0 transformations.

3.23.3. Executing OPT_MEM_FEEDBACK pass (finding memory read-to-write feedback paths).

3.23.4. Executing MEMORY_BMUX2ROM pass (converting muxes to ROMs).

3.23.5. Executing MEMORY_DFF pass (merging $dff cells to $memrd).

3.23.6. Executing OPT_CLEAN pass (remove unused cells and wires).
Finding unused cells or wires in module \top..

3.23.7. Executing MEMORY_SHARE pass (consolidating $memrd/$memwr cells).

3.23.8. Executing OPT_MEM_WIDEN pass (optimize memories where all ports are wide).
Performed a total of 0 transformations.

3.23.9. Executing OPT_CLEAN pass (remove unused cells and wires).
Finding unused cells or wires in module \top..

3.23.10. Executing MEMORY_COLLECT pass (generating $mem cells).

3.24. Executing OPT_CLEAN pass (remove unused cells and wires).
Finding unused cells or wires in module \top..

3.25. Executing MEMORY_LIBMAP pass (mapping memories to cells).

3.26. Executing TECHMAP pass (map to technology primitives).

3.26.1. Executing Verilog-2005 frontend: /home/tom/oss-cad-suite/lib/../share/yosys/ice40/brams_map.v
Parsing Verilog input from `/home/tom/oss-cad-suite/lib/../share/yosys/ice40/brams_map.v' to AST representation.
Generating RTLIL representation for module `\$__ICE40_RAM4K_'.
Successfully finished Verilog frontend.

3.26.2. Executing Verilog-2005 frontend: /home/tom/oss-cad-suite/lib/../share/yosys/ice40/spram_map.v
Parsing Verilog input from `/home/tom/oss-cad-suite/lib/../share/yosys/ice40/spram_map.v' to AST representation.
Generating RTLIL representation for module `\$__ICE40_SPRAM_'.
Successfully finished Verilog frontend.

3.26.3. Continuing TECHMAP pass.
No more expansions possible.
<suppressed ~4 debug messages>

3.27. Executing ICE40_BRAMINIT pass.

3.28. Executing OPT pass (performing simple optimizations).

3.28.1. Executing OPT_EXPR pass (perform const folding).
Optimizing module top.
<suppressed ~2 debug messages>

3.28.2. Executing OPT_MERGE pass (detect identical cells).
Finding identical cells in module `\top'.
Removed a total of 0 cells.

3.28.3. Executing OPT_DFF pass (perform DFF optimizations).

3.28.4. Executing OPT_CLEAN pass (remove unused cells and wires).
Finding unused cells or wires in module \top..
Removed 0 unused cells and 2 unused wires.
<suppressed ~1 debug messages>

3.28.5. Finished fast OPT passes.

3.29. Executing MEMORY_MAP pass (converting memories to logic and flip-flops).

3.30. Executing OPT pass (performing simple optimizations).

3.30.1. Executing OPT_EXPR pass (perform const folding).
Optimizing module top.

3.30.2. Executing OPT_MERGE pass (detect identical cells).
Finding identical cells in module `\top'.
Removed a total of 0 cells.

3.30.3. Executing OPT_MUXTREE pass (detect dead branches in mux trees).
Running muxtree optimizer on module \top..
  Creating internal representation of mux trees.
  Evaluating internal representation of mux trees.
  Analyzing evaluation results.
Removed 0 multiplexer ports.
<suppressed ~2 debug messages>

3.30.4. Executing OPT_REDUCE pass (consolidate $*mux and $reduce_* inputs).
  Optimizing cells in module \top.
Performed a total of 0 changes.

3.30.5. Executing OPT_MERGE pass (detect identical cells).
Finding identical cells in module `\top'.
Removed a total of 0 cells.

3.30.6. Executing OPT_DFF pass (perform DFF optimizations).

3.30.7. Executing OPT_CLEAN pass (remove unused cells and wires).
Finding unused cells or wires in module \top..

3.30.8. Executing OPT_EXPR pass (perform const folding).
Optimizing module top.

3.30.9. Finished OPT passes. (There is nothing left to do.)

3.31. Executing ICE40_WRAPCARRY pass (wrap carries).

3.32. Executing TECHMAP pass (map to technology primitives).

3.32.1. Executing Verilog-2005 frontend: /home/tom/oss-cad-suite/lib/../share/yosys/techmap.v
Parsing Verilog input from `/home/tom/oss-cad-suite/lib/../share/yosys/techmap.v' to AST representation.
Generating RTLIL representation for module `\_90_simplemap_bool_ops'.
Generating RTLIL representation for module `\_90_simplemap_reduce_ops'.
Generating RTLIL representation for module `\_90_simplemap_logic_ops'.
Generating RTLIL representation for module `\_90_simplemap_compare_ops'.
Generating RTLIL representation for module `\_90_simplemap_various'.
Generating RTLIL representation for module `\_90_simplemap_registers'.
Generating RTLIL representation for module `\_90_shift_ops_shr_shl_sshl_sshr'.
Generating RTLIL representation for module `\_90_shift_shiftx'.
Generating RTLIL representation for module `\_90_fa'.
Generating RTLIL representation for module `\_90_lcu'.
Generating RTLIL representation for module `\_90_alu'.
Generating RTLIL representation for module `\_90_macc'.
Generating RTLIL representation for module `\_90_alumacc'.
Generating RTLIL representation for module `\$__div_mod_u'.
Generating RTLIL representation for module `\$__div_mod_trunc'.
Generating RTLIL representation for module `\_90_div'.
Generating RTLIL representation for module `\_90_mod'.
Generating RTLIL representation for module `\$__div_mod_floor'.
Generating RTLIL representation for module `\_90_divfloor'.
Generating RTLIL representation for module `\_90_modfloor'.
Generating RTLIL representation for module `\_90_pow'.
Generating RTLIL representation for module `\_90_pmux'.
Generating RTLIL representation for module `\_90_demux'.
Generating RTLIL representation for module `\_90_lut'.
Successfully finished Verilog frontend.

3.32.2. Executing Verilog-2005 frontend: /home/tom/oss-cad-suite/lib/../share/yosys/ice40/arith_map.v
Parsing Verilog input from `/home/tom/oss-cad-suite/lib/../share/yosys/ice40/arith_map.v' to AST representation.
Generating RTLIL representation for module `\_80_ice40_alu'.
Successfully finished Verilog frontend.

3.32.3. Continuing TECHMAP pass.
Using extmapper simplemap for cells of type $reduce_or.
Using extmapper simplemap for cells of type $not.
Using extmapper simplemap for cells of type $reduce_and.
Using extmapper simplemap for cells of type $ne.
Using extmapper simplemap for cells of type $dffe.
Using extmapper simplemap for cells of type $reduce_bool.
Using template $paramod$754650b284649a026620fc6856e5b6886cbfe794\_80_ice40_alu for cells of type $alu.
Using extmapper simplemap for cells of type $dff.
Using extmapper simplemap for cells of type $sdffce.
Using extmapper simplemap for cells of type $sdff.
Using extmapper simplemap for cells of type $sdffe.
Using extmapper simplemap for cells of type $mux.
Using template $paramod$1eb759649286d7485bd82f4dfc30385bade4b4b3\_80_ice40_alu for cells of type $alu.
Using template $paramod$53700bbee849b2010ad0b60a61ccd204a10e24ca\_80_ice40_alu for cells of type $alu.
Using extmapper simplemap for cells of type $xor.
Using extmapper simplemap for cells of type $pos.
No more expansions possible.
<suppressed ~164 debug messages>

3.33. Executing OPT pass (performing simple optimizations).

3.33.1. Executing OPT_EXPR pass (perform const folding).
Optimizing module top.
<suppressed ~89 debug messages>

3.33.2. Executing OPT_MERGE pass (detect identical cells).
Finding identical cells in module `\top'.
<suppressed ~27 debug messages>
Removed a total of 9 cells.

3.33.3. Executing OPT_DFF pass (perform DFF optimizations).

3.33.4. Executing OPT_CLEAN pass (remove unused cells and wires).
Finding unused cells or wires in module \top..
Removed 22 unused cells and 69 unused wires.
<suppressed ~23 debug messages>

3.33.5. Finished fast OPT passes.

3.34. Executing ICE40_OPT pass (performing simple optimizations).

3.34.1. Running ICE40 specific optimizations.
Optimized $__ICE40_CARRY_WRAPPER cell back to logic (without SB_CARRY) top.$auto$alumacc.cc:485:replace_alu$532.slice[0].carry: CO=\vga.count_h [0]
Optimized $__ICE40_CARRY_WRAPPER cell back to logic (without SB_CARRY) top.$auto$alumacc.cc:485:replace_alu$535.slice[0].carry: CO=\vga.count_v [0]
Optimized $__ICE40_CARRY_WRAPPER cell back to logic (without SB_CARRY) top.$auto$alumacc.cc:485:replace_alu$538.slice[0].carry: CO=\rst_counter [0]

3.34.2. Executing OPT_EXPR pass (perform const folding).
Optimizing module top.

3.34.3. Executing OPT_MERGE pass (detect identical cells).
Finding identical cells in module `\top'.
Removed a total of 0 cells.

3.34.4. Executing OPT_DFF pass (perform DFF optimizations).

3.34.5. Executing OPT_CLEAN pass (remove unused cells and wires).
Finding unused cells or wires in module \top..

3.34.6. Rerunning OPT passes. (Removed registers in this run.)

3.34.7. Running ICE40 specific optimizations.

3.34.8. Executing OPT_EXPR pass (perform const folding).
Optimizing module top.

3.34.9. Executing OPT_MERGE pass (detect identical cells).
Finding identical cells in module `\top'.
Removed a total of 0 cells.

3.34.10. Executing OPT_DFF pass (perform DFF optimizations).

3.34.11. Executing OPT_CLEAN pass (remove unused cells and wires).
Finding unused cells or wires in module \top..

3.34.12. Finished OPT passes. (There is nothing left to do.)

3.35. Executing DFFLEGALIZE pass (convert FFs to types supported by the target).

3.36. Executing TECHMAP pass (map to technology primitives).

3.36.1. Executing Verilog-2005 frontend: /home/tom/oss-cad-suite/lib/../share/yosys/ice40/ff_map.v
Parsing Verilog input from `/home/tom/oss-cad-suite/lib/../share/yosys/ice40/ff_map.v' to AST representation.
Generating RTLIL representation for module `\$_DFF_N_'.
Generating RTLIL representation for module `\$_DFF_P_'.
Generating RTLIL representation for module `\$_DFFE_NP_'.
Generating RTLIL representation for module `\$_DFFE_PP_'.
Generating RTLIL representation for module `\$_DFF_NP0_'.
Generating RTLIL representation for module `\$_DFF_NP1_'.
Generating RTLIL representation for module `\$_DFF_PP0_'.
Generating RTLIL representation for module `\$_DFF_PP1_'.
Generating RTLIL representation for module `\$_DFFE_NP0P_'.
Generating RTLIL representation for module `\$_DFFE_NP1P_'.
Generating RTLIL representation for module `\$_DFFE_PP0P_'.
Generating RTLIL representation for module `\$_DFFE_PP1P_'.
Generating RTLIL representation for module `\$_SDFF_NP0_'.
Generating RTLIL representation for module `\$_SDFF_NP1_'.
Generating RTLIL representation for module `\$_SDFF_PP0_'.
Generating RTLIL representation for module `\$_SDFF_PP1_'.
Generating RTLIL representation for module `\$_SDFFCE_NP0P_'.
Generating RTLIL representation for module `\$_SDFFCE_NP1P_'.
Generating RTLIL representation for module `\$_SDFFCE_PP0P_'.
Generating RTLIL representation for module `\$_SDFFCE_PP1P_'.
Successfully finished Verilog frontend.

3.36.2. Continuing TECHMAP pass.
Using template \$_DFFE_PP_ for cells of type $_DFFE_PP_.
Using template \$_SDFF_PP0_ for cells of type $_SDFF_PP0_.
Using template \$_DFF_P_ for cells of type $_DFF_P_.
Using template \$_SDFFCE_PP0P_ for cells of type $_SDFFCE_PP0P_.
No more expansions possible.
<suppressed ~54 debug messages>

3.37. Executing OPT_EXPR pass (perform const folding).
Optimizing module top.

3.38. Executing SIMPLEMAP pass (map simple cells to gate primitives).
Mapping top.$auto$alumacc.cc:485:replace_alu$532.slice[0].carry ($lut).
Mapping top.$auto$alumacc.cc:485:replace_alu$535.slice[0].carry ($lut).
Mapping top.$auto$alumacc.cc:485:replace_alu$538.slice[0].carry ($lut).

3.39. Executing ICE40_OPT pass (performing simple optimizations).

3.39.1. Running ICE40 specific optimizations.

3.39.2. Executing OPT_EXPR pass (perform const folding).
Optimizing module top.
<suppressed ~54 debug messages>

3.39.3. Executing OPT_MERGE pass (detect identical cells).
Finding identical cells in module `\top'.
<suppressed ~60 debug messages>
Removed a total of 20 cells.

3.39.4. Executing OPT_DFF pass (perform DFF optimizations).

3.39.5. Executing OPT_CLEAN pass (remove unused cells and wires).
Finding unused cells or wires in module \top..
Removed 0 unused cells and 200 unused wires.
<suppressed ~1 debug messages>

3.39.6. Rerunning OPT passes. (Removed registers in this run.)

3.39.7. Running ICE40 specific optimizations.

3.39.8. Executing OPT_EXPR pass (perform const folding).
Optimizing module top.

3.39.9. Executing OPT_MERGE pass (detect identical cells).
Finding identical cells in module `\top'.
Removed a total of 0 cells.

3.39.10. Executing OPT_DFF pass (perform DFF optimizations).

3.39.11. Executing OPT_CLEAN pass (remove unused cells and wires).
Finding unused cells or wires in module \top..

3.39.12. Finished OPT passes. (There is nothing left to do.)

3.40. Executing TECHMAP pass (map to technology primitives).

3.40.1. Executing Verilog-2005 frontend: /home/tom/oss-cad-suite/lib/../share/yosys/ice40/latches_map.v
Parsing Verilog input from `/home/tom/oss-cad-suite/lib/../share/yosys/ice40/latches_map.v' to AST representation.
Generating RTLIL representation for module `\$_DLATCH_N_'.
Generating RTLIL representation for module `\$_DLATCH_P_'.
Successfully finished Verilog frontend.

3.40.2. Continuing TECHMAP pass.
No more expansions possible.
<suppressed ~4 debug messages>

3.41. Executing ABC pass (technology mapping using ABC).

3.41.1. Extracting gate netlist of module `\top' to `<abc-temp-dir>/input.blif'..
Extracted 70 gates and 117 wires to a netlist network with 47 inputs and 36 outputs.

3.41.1.1. Executing ABC.
Running ABC command: "<yosys-exe-dir>/yosys-abc" -s -f <abc-temp-dir>/abc.script 2>&1
ABC: ABC command line: "source <abc-temp-dir>/abc.script".
ABC: 
ABC: + read_blif <abc-temp-dir>/input.blif 
ABC: + read_lut <abc-temp-dir>/lutdefs.txt 
ABC: + strash 
ABC: + &get -n 
ABC: + &fraig -x 
ABC: + &put 
ABC: + scorr 
ABC: Warning: The network is combinational (run "fraig" or "fraig_sweep").
ABC: + dc2 
ABC: + dretime 
ABC: + strash 
ABC: + dch -f 
ABC: + if 
ABC: + mfs2 
ABC: + lutpack -S 1 
ABC: + dress <abc-temp-dir>/input.blif 
ABC: Total number of equiv classes                =      37.
ABC: Participating nodes from both networks       =      78.
ABC: Participating nodes from the first network   =      38. (  86.36 % of nodes)
ABC: Participating nodes from the second network  =      40. (  90.91 % of nodes)
ABC: Node pairs (any polarity)                    =      38. (  86.36 % of names can be moved)
ABC: Node pairs (same polarity)                   =      37. (  84.09 % of names can be moved)
ABC: Total runtime =     0.01 sec
ABC: + write_blif <abc-temp-dir>/output.blif 

3.41.1.2. Re-integrating ABC results.
ABC RESULTS:              $lut cells:       43
ABC RESULTS:        internal signals:       34
ABC RESULTS:           input signals:       47
ABC RESULTS:          output signals:       36
Removing temp directory.

3.42. Executing ICE40_WRAPCARRY pass (wrap carries).

3.43. Executing TECHMAP pass (map to technology primitives).

3.43.1. Executing Verilog-2005 frontend: /home/tom/oss-cad-suite/lib/../share/yosys/ice40/ff_map.v
Parsing Verilog input from `/home/tom/oss-cad-suite/lib/../share/yosys/ice40/ff_map.v' to AST representation.
Generating RTLIL representation for module `\$_DFF_N_'.
Generating RTLIL representation for module `\$_DFF_P_'.
Generating RTLIL representation for module `\$_DFFE_NP_'.
Generating RTLIL representation for module `\$_DFFE_PP_'.
Generating RTLIL representation for module `\$_DFF_NP0_'.
Generating RTLIL representation for module `\$_DFF_NP1_'.
Generating RTLIL representation for module `\$_DFF_PP0_'.
Generating RTLIL representation for module `\$_DFF_PP1_'.
Generating RTLIL representation for module `\$_DFFE_NP0P_'.
Generating RTLIL representation for module `\$_DFFE_NP1P_'.
Generating RTLIL representation for module `\$_DFFE_PP0P_'.
Generating RTLIL representation for module `\$_DFFE_PP1P_'.
Generating RTLIL representation for module `\$_SDFF_NP0_'.
Generating RTLIL representation for module `\$_SDFF_NP1_'.
Generating RTLIL representation for module `\$_SDFF_PP0_'.
Generating RTLIL representation for module `\$_SDFF_PP1_'.
Generating RTLIL representation for module `\$_SDFFCE_NP0P_'.
Generating RTLIL representation for module `\$_SDFFCE_NP1P_'.
Generating RTLIL representation for module `\$_SDFFCE_PP0P_'.
Generating RTLIL representation for module `\$_SDFFCE_PP1P_'.
Successfully finished Verilog frontend.

3.43.2. Continuing TECHMAP pass.
No more expansions possible.
<suppressed ~22 debug messages>
Removed 3 unused cells and 97 unused wires.

3.44. Executing OPT_LUT pass (optimize LUTs).
Discovering LUTs.
Number of LUTs:       69
  1-LUT               22
  2-LUT               14
  3-LUT               25
  4-LUT                8
  with \SB_CARRY    (#0)   23
  with \SB_CARRY    (#1)   23

Eliminating LUTs.
Number of LUTs:       69
  1-LUT               22
  2-LUT               14
  3-LUT               25
  4-LUT                8
  with \SB_CARRY    (#0)   23
  with \SB_CARRY    (#1)   23

Combining LUTs.
Number of LUTs:       51
  1-LUT               12
  2-LUT                5
  3-LUT               19
  4-LUT               15
  with \SB_CARRY    (#0)   23
  with \SB_CARRY    (#1)   23

Eliminated 0 LUTs.
Combined 18 LUTs.
<suppressed ~468 debug messages>

3.45. Executing TECHMAP pass (map to technology primitives).

3.45.1. Executing Verilog-2005 frontend: /home/tom/oss-cad-suite/lib/../share/yosys/ice40/cells_map.v
Parsing Verilog input from `/home/tom/oss-cad-suite/lib/../share/yosys/ice40/cells_map.v' to AST representation.
Generating RTLIL representation for module `\$lut'.
Successfully finished Verilog frontend.

3.45.2. Continuing TECHMAP pass.
Using template $paramod\$lut\WIDTH=32'00000000000000000000000000000001\LUT=2'01 for cells of type $lut.
Using template $paramod$658b9ed803f0d3d335616d3858b53e0a2522f1e8\$lut for cells of type $lut.
Using template $paramod$571404c0889eaf57f492cb5e37f8acb5df5852f9\$lut for cells of type $lut.
Using template $paramod\$lut\WIDTH=32'00000000000000000000000000000011\LUT=8'10000000 for cells of type $lut.
Using template $paramod$6d6beead1425af15cf78b27fd9b11b41b5d4bce8\$lut for cells of type $lut.
Using template $paramod\$lut\WIDTH=32'00000000000000000000000000000011\LUT=8'00001011 for cells of type $lut.
Using template $paramod$4282def8dbd6df3d1248ad282c629bee684502c2\$lut for cells of type $lut.
Using template $paramod$fd904e9e35cfd343a9df248824bd3f1408724879\$lut for cells of type $lut.
Using template $paramod$a59507d273cd827eb6c46c37820d50a1b717efdf\$lut for cells of type $lut.
Using template $paramod\$lut\WIDTH=32'00000000000000000000000000000010\LUT=4'1110 for cells of type $lut.
Using template $paramod\$lut\WIDTH=32'00000000000000000000000000000010\LUT=4'0001 for cells of type $lut.
Using template $paramod$a15fd389a2f54cb7b94707b25934d226e68d9e2e\$lut for cells of type $lut.
No more expansions possible.
<suppressed ~210 debug messages>
Removed 0 unused cells and 108 unused wires.

3.46. Executing AUTONAME pass.
Renamed 638 objects in module top (12 iterations).
<suppressed ~147 debug messages>

3.47. Executing HIERARCHY pass (managing design hierarchy).

3.47.1. Analyzing design hierarchy..
Top module:  \top

3.47.2. Analyzing design hierarchy..
Top module:  \top
Removed 0 unused modules.

3.48. Printing statistics.

=== top ===

   Number of wires:                 81
   Number of wire bits:            168
   Number of public wires:          81
   Number of public wire bits:     168
   Number of memories:               0
   Number of memory bits:            0
   Number of processes:              0
   Number of cells:                106
     SB_CARRY                       23
     SB_DFF                          1
     SB_DFFE                        11
     SB_DFFESR                      10
     SB_DFFSR                       10
     SB_LUT4                        51

3.49. Executing CHECK pass (checking for obvious problems).
Checking module top...
Found and reported 0 problems.

3.50. Executing JSON backend.

End of script. Logfile hash: 3cf0c6825e, CPU: user 0.33s system 0.00s, MEM: 23.52 MB peak
Yosys 0.34+43 (git sha1 d21c464ae, clang 10.0.0-4ubuntu1 -fPIC -Os)
Time spent: 61% 15x read_verilog (0 sec), 15% 1x abc (0 sec), ...
